Found 651 files to process with 10 workers.
  [>] Started ielts-r-0001.json
  [>] Started ielts-r-0002.json
  [>] Started ielts-r-0003.json
  [>] Started ielts-r-0004.json  [-] Skipping ielts-r-0002.json, already processed.
  [>] Started ielts-r-0005.json

  [>] Started ielts-r-0007.json  [-] Skipping ielts-r-0004.json, already processed.  [>] Started ielts-r-0006.json


  [-] Skipping ielts-r-0003.json, already processed.
  [-] Skipping ielts-r-0005.json, already processed.  [>] Started ielts-r-0008.json
  [-] Skipping ielts-r-0006.json, already processed.
  [>] Started ielts-r-0010.json
  [>] Started ielts-r-0009.json
  [-] Skipping ielts-r-0008.json, already processed.

  [-] Skipping ielts-r-0010.json, already processed.  [>] Started ielts-r-0012.json  [>] Started ielts-r-0011.json  [>] Started ielts-r-0013.json  [-] Skipping ielts-r-0009.json, already processed.

  [>] Started ielts-r-0015.json  [>] Started ielts-r-0014.json


  [-] Skipping ielts-r-0011.json, already processed.
  [>] Started ielts-r-0016.json
  [-] Skipping ielts-r-0012.json, already processed.  [ielts-r-0001] Extracted 2 pages.  [-] Skipping ielts-r-0015.json, already processed.  [-] Skipping ielts-r-0014.json, already processed.

  [>] Started ielts-r-0020.json

  [>] Started ielts-r-0017.json  [-] Skipping ielts-r-0020.json, already processed.  [>] Started ielts-r-0018.json
  [-] Skipping ielts-r-0018.json, already processed.    [Stage 1] Cleaning passage text...

  [>] Started ielts-r-0019.json

  [>] Started ielts-r-0021.json
  [ielts-r-0007] Extracted 2 pages.

    [Stage 1] Cleaning passage text...  [>] Started ielts-r-0022.json

  [-] Skipping ielts-r-0017.json, already processed.  [-] Skipping ielts-r-0013.json, already processed.
  [>] Started ielts-r-0023.json
  [-] Skipping ielts-r-0021.json, already processed.


  [>] Started ielts-r-0025.json  [>] Started ielts-r-0026.json



  [-] Skipping ielts-r-0022.json, already processed.  [-] Skipping ielts-r-0016.json, already processed.  [>] Started ielts-r-0024.json
  [>] Started ielts-r-0027.json  [-] Skipping ielts-r-0019.json, already processed.

  [>] Started ielts-r-0028.json  [-] Skipping ielts-r-0023.json, already processed.


  [-] Skipping ielts-r-0026.json, already processed.
  [-] Skipping ielts-r-0028.json, already processed.  [-] Skipping ielts-r-0025.json, already processed.  [>] Started ielts-r-0029.json  [-] Skipping ielts-r-0027.json, already processed.
  [>] Started ielts-r-0030.json      [API] Looping curl subprocess to Minimax (Attempt 1/8)...

  [>] Started ielts-r-0031.json
  [-] Skipping ielts-r-0031.json, already processed.
  [>] Started ielts-r-0032.json

  [>] Started ielts-r-0033.json
  [-] Skipping ielts-r-0029.json, already processed.      [API] Looping curl subprocess to Minimax (Attempt 1/8)...  [>] Started ielts-r-0034.json  [-] Skipping ielts-r-0024.json, already processed.

  [>] Started ielts-r-0035.json

  [>] Started ielts-r-0036.json

  [-] Skipping ielts-r-0032.json, already processed.  [>] Started ielts-r-0037.json  [-] Skipping ielts-r-0033.json, already processed.


  [-] Skipping ielts-r-0035.json, already processed.  [>] Started ielts-r-0038.json

  [-] Skipping ielts-r-0030.json, already processed.
  [-] Skipping ielts-r-0034.json, already processed.  [-] Skipping ielts-r-0036.json, already processed.

  [-] Skipping ielts-r-0037.json, already processed.  [>] Started ielts-r-0039.json
  [>] Started ielts-r-0040.json

  [>] Started ielts-r-0041.json
  [>] Started ielts-r-0042.json  [-] Skipping ielts-r-0040.json, already processed.  [>] Started ielts-r-0043.json
  [-] Skipping ielts-r-0038.json, already processed.
  [>] Started ielts-r-0044.json
  [>] Started ielts-r-0046.json  [>] Started ielts-r-0045.json


  [-] Skipping ielts-r-0045.json, already processed.


  [-] Skipping ielts-r-0044.json, already processed.  [>] Started ielts-r-0047.json  [-] Skipping ielts-r-0043.json, already processed.

  [-] Skipping ielts-r-0042.json, already processed.


  [>] Started ielts-r-0048.json  [-] Skipping ielts-r-0046.json, already processed.  [-] Skipping ielts-r-0041.json, already processed.
  [>] Started ielts-r-0049.json  [>] Started ielts-r-0050.json


  [-] Skipping ielts-r-0047.json, already processed.  [-] Skipping ielts-r-0039.json, already processed.  [>] Started ielts-r-0051.json

  [-] Skipping ielts-r-0049.json, already processed.  [-] Skipping ielts-r-0050.json, already processed.


  [>] Started ielts-r-0052.json


  [>] Started ielts-r-0053.json
  [-] Skipping ielts-r-0052.json, already processed.  [>] Started ielts-r-0054.json  [>] Started ielts-r-0055.json  [>] Started ielts-r-0056.json  [>] Started ielts-r-0057.json  [-] Skipping ielts-r-0048.json, already processed.
  [-] Skipping ielts-r-0051.json, already processed.




  [>] Started ielts-r-0058.json
  [>] Started ielts-r-0059.json
  [-] Skipping ielts-r-0057.json, already processed.

  [-] Skipping ielts-r-0056.json, already processed.  [-] Skipping ielts-r-0055.json, already processed.  [>] Started ielts-r-0060.json  [>] Started ielts-r-0061.json
  [-] Skipping ielts-r-0054.json, already processed.  [-] Skipping ielts-r-0058.json, already processed.  [-] Skipping ielts-r-0059.json, already processed.

  [>] Started ielts-r-0062.json

  [-] Skipping ielts-r-0062.json, already processed.


  [ielts-r-0053] Extracted 2 pages.
    [Stage 1] Cleaning passage text...  [>] Started ielts-r-0063.json
  [>] Started ielts-r-0064.json
  [>] Started ielts-r-0065.json
  [>] Started ielts-r-0066.json
  [-] Skipping ielts-r-0060.json, already processed.
  [-] Skipping ielts-r-0063.json, already processed.  [-] Skipping ielts-r-0061.json, already processed.



  [>] Started ielts-r-0067.json  [>] Started ielts-r-0068.json  [>] Started ielts-r-0069.json  [-] Skipping ielts-r-0064.json, already processed.  [>] Started ielts-r-0070.json
      [API] Looping curl subprocess to Minimax (Attempt 1/8)...  [-] Skipping ielts-r-0066.json, already processed.


  [-] Skipping ielts-r-0069.json, already processed.
  [>] Started ielts-r-0071.json
  [-] Skipping ielts-r-0071.json, already processed.
  [-] Skipping ielts-r-0067.json, already processed.
  [ielts-r-0065] Extracted 2 pages.
    [Stage 1] Cleaning passage text...
      [API] Looping curl subprocess to Minimax (Attempt 1/8)...

  [>] Started ielts-r-0072.json
  [-] Skipping ielts-r-0072.json, already processed.
  [>] Started ielts-r-0073.json
  [-] Skipping ielts-r-0073.json, already processed.
  [>] Started ielts-r-0074.json
  [-] Skipping ielts-r-0074.json, already processed.
  [>] Started ielts-r-0075.json
  [-] Skipping ielts-r-0075.json, already processed.
  [-] Skipping ielts-r-0068.json, already processed.
  [>] Started ielts-r-0076.json
  [-] Skipping ielts-r-0076.json, already processed.
  [>] Started ielts-r-0077.json
  [-] Skipping ielts-r-0077.json, already processed.
  [>] Started ielts-r-0078.json
  [-] Skipping ielts-r-0078.json, already processed.
  [>] Started ielts-r-0079.json
  [-] Skipping ielts-r-0079.json, already processed.
  [>] Started ielts-r-0080.json
  [-] Skipping ielts-r-0080.json, already processed.
  [>] Started ielts-r-0081.json  [>] Started ielts-r-0082.json
  [-] Skipping ielts-r-0082.json, already processed.

  [-] Skipping ielts-r-0081.json, already processed.
  [>] Started ielts-r-0083.json
  [-] Skipping ielts-r-0083.json, already processed.
  [>] Started ielts-r-0084.json
  [-] Skipping ielts-r-0084.json, already processed.
  [>] Started ielts-r-0085.json
  [-] Skipping ielts-r-0085.json, already processed.
  [>] Started ielts-r-0086.json
  [-] Skipping ielts-r-0086.json, already processed.
  [>] Started ielts-r-0087.json
  [-] Skipping ielts-r-0087.json, already processed.
  [>] Started ielts-r-0088.json
  [-] Skipping ielts-r-0088.json, already processed.
  [>] Started ielts-r-0089.json
  [-] Skipping ielts-r-0089.json, already processed.
  [>] Started ielts-r-0090.json
  [-] Skipping ielts-r-0090.json, already processed.
  [>] Started ielts-r-0091.json  [>] Started ielts-r-0092.json

  [>] Started ielts-r-0093.json
  [-] Skipping ielts-r-0092.json, already processed.
  [-] Skipping ielts-r-0091.json, already processed.
  [>] Started ielts-r-0094.json
  [-] Skipping ielts-r-0094.json, already processed.
  [>] Started ielts-r-0095.json  [>] Started ielts-r-0096.json
  [-] Skipping ielts-r-0096.json, already processed.
  [>] Started ielts-r-0097.json
  [-] Skipping ielts-r-0097.json, already processed.
  [>] Started ielts-r-0098.json


  [-] Skipping ielts-r-0098.json, already processed.  [-] Skipping ielts-r-0095.json, already processed.  [>] Started ielts-r-0099.json

  [>] Started ielts-r-0100.json


  [-] Skipping ielts-r-0100.json, already processed.  [-] Skipping ielts-r-0099.json, already processed.
  [>] Started ielts-r-0101.json
  [-] Skipping ielts-r-0101.json, already processed.

  [ielts-r-0093] Extracted 2 pages.
    [Stage 1] Cleaning passage text...
      [API] Looping curl subprocess to Minimax (Attempt 1/8)...
  [>] Started ielts-r-0102.json
  [>] Started ielts-r-0103.json
  [-] Skipping ielts-r-0103.json, already processed.
  [>] Started ielts-r-0105.json
  [-] Skipping ielts-r-0105.json, already processed.
  [>] Started ielts-r-0106.json  [>] Started ielts-r-0104.json  [ielts-r-0070] Extracted 2 pages.
  [-] Skipping ielts-r-0106.json, already processed.
  [>] Started ielts-r-0107.json
    [Stage 1] Cleaning passage text...

      [API] Looping curl subprocess to Minimax (Attempt 1/8)...
  [-] Skipping ielts-r-0107.json, already processed.
  [>] Started ielts-r-0108.json
  [-] Skipping ielts-r-0108.json, already processed.
  [>] Started ielts-r-0109.json
  [-] Skipping ielts-r-0109.json, already processed.
  [>] Started ielts-r-0110.json
  [-] Skipping ielts-r-0110.json, already processed.
  [>] Started ielts-r-0111.json
  [-] Skipping ielts-r-0111.json, already processed.
  [>] Started ielts-r-0112.json
  [-] Skipping ielts-r-0112.json, already processed.
  [>] Started ielts-r-0113.json
  [-] Skipping ielts-r-0113.json, already processed.
  [>] Started ielts-r-0114.json
  [-] Skipping ielts-r-0114.json, already processed.
  [>] Started ielts-r-0115.json
  [-] Skipping ielts-r-0115.json, already processed.
  [>] Started ielts-r-0116.json
  [-] Skipping ielts-r-0116.json, already processed.
  [>] Started ielts-r-0117.json
  [-] Skipping ielts-r-0117.json, already processed.
  [>] Started ielts-r-0118.json
  [-] Skipping ielts-r-0118.json, already processed.
  [>] Started ielts-r-0119.json
  [-] Skipping ielts-r-0119.json, already processed.
  [>] Started ielts-r-0120.json
  [-] Skipping ielts-r-0120.json, already processed.
  [>] Started ielts-r-0121.json
  [-] Skipping ielts-r-0121.json, already processed.
  [>] Started ielts-r-0122.json
  [-] Skipping ielts-r-0122.json, already processed.
  [>] Started ielts-r-0123.json
  [-] Skipping ielts-r-0123.json, already processed.
  [>] Started ielts-r-0124.json
  [-] Skipping ielts-r-0124.json, already processed.
  [>] Started ielts-r-0125.json
  [-] Skipping ielts-r-0125.json, already processed.
  [>] Started ielts-r-0126.json
  [-] Skipping ielts-r-0126.json, already processed.
  [>] Started ielts-r-0127.json
  [-] Skipping ielts-r-0127.json, already processed.
  [>] Started ielts-r-0128.json
  [-] Skipping ielts-r-0128.json, already processed.
  [-] Skipping ielts-r-0104.json, already processed.
  [>] Started ielts-r-0129.json
  [-] Skipping ielts-r-0129.json, already processed.
  [>] Started ielts-r-0130.json
  [-] Skipping ielts-r-0130.json, already processed.
  [>] Started ielts-r-0131.json
  [-] Skipping ielts-r-0131.json, already processed.
  [>] Started ielts-r-0132.json  [-] Skipping ielts-r-0102.json, already processed.
  [>] Started ielts-r-0133.json
  [-] Skipping ielts-r-0133.json, already processed.
  [>] Started ielts-r-0134.json
  [-] Skipping ielts-r-0134.json, already processed.
  [>] Started ielts-r-0135.json
  [-] Skipping ielts-r-0135.json, already processed.
  [>] Started ielts-r-0136.json
  [-] Skipping ielts-r-0136.json, already processed.
  [>] Started ielts-r-0137.json

  [>] Started ielts-r-0138.json  [>] Started ielts-r-0139.json  [ielts-r-0137] Extracted 2 pages.


    [Stage 1] Cleaning passage text...  [-] Skipping ielts-r-0132.json, already processed.
  [-] Skipping ielts-r-0139.json, already processed.  [>] Started ielts-r-0140.json


  [>] Started ielts-r-0141.json

  [-] Skipping ielts-r-0138.json, already processed.
  [>] Started ielts-r-0142.json
  [-] Skipping ielts-r-0142.json, already processed.
  [>] Started ielts-r-0143.json
  [-] Skipping ielts-r-0143.json, already processed.
  [-] Skipping ielts-r-0140.json, already processed.
  [>] Started ielts-r-0144.json
  [-] Skipping ielts-r-0144.json, already processed.
  [>] Started ielts-r-0145.json
      [API] Looping curl subprocess to Minimax (Attempt 1/8)...
  [>] Started ielts-r-0146.json  [ielts-r-0145] Extracted 2 pages.

    [Stage 1] Cleaning passage text...  [ielts-r-0141] Extracted 2 pages.  [-] Skipping ielts-r-0146.json, already processed.


      [API] Looping curl subprocess to Minimax (Attempt 1/8)...  [>] Started ielts-r-0147.json
  [-] Skipping ielts-r-0147.json, already processed.
  [>] Started ielts-r-0148.json
  [-] Skipping ielts-r-0148.json, already processed.
  [>] Started ielts-r-0149.json
  [ielts-r-0149] Extracted 2 pages.
    [Stage 1] Cleaning passage text...
      [API] Looping curl subprocess to Minimax (Attempt 1/8)...
    [Stage 1] Cleaning passage text...
      [API] Looping curl subprocess to Minimax (Attempt 1/8)...

      [!] Curl returned code 28 in 60.02s: curl: (28) Connection timed out after 60004 milliseconds

      [!] Connection timeout/drop. Retrying (attempt 1/8) in 5s...
      [!] Curl returned code 28 in 60.02s: curl: (28) Connection timed out after 60005 milliseconds

      [!] Connection timeout/drop. Retrying (attempt 1/8) in 5s...
      [!] Curl returned code 28 in 60.02s: curl: (28) Connection timed out after 60000 milliseconds

      [!] Connection timeout/drop. Retrying (attempt 1/8) in 5s...
      [!] Curl returned code 28 in 60.02s: curl: (28) Connection timed out after 60000 milliseconds

      [!] Connection timeout/drop. Retrying (attempt 1/8) in 5s...
      [!] Curl returned code 28 in 60.02s: curl: (28) Connection timed out after 60001 milliseconds

      [!] Connection timeout/drop. Retrying (attempt 1/8) in 5s...
      [!] Curl returned code 28 in 60.03s: curl: (28) Connection timed out after 60002 milliseconds

      [!] Curl returned code 28 in 60.01s: curl: (28) Connection timed out after 60001 milliseconds
      [!] Connection timeout/drop. Retrying (attempt 1/8) in 5s...

      [!] Connection timeout/drop. Retrying (attempt 1/8) in 5s...
      [!] Curl returned code 28 in 60.01s: curl: (28) Connection timed out after 60001 milliseconds

      [!] Connection timeout/drop. Retrying (attempt 1/8) in 5s...
      [!] Curl returned code 28 in 60.02s: curl: (28) Connection timed out after 60004 milliseconds
      [!] Curl returned code 28 in 60.02s: curl: (28) Connection timed out after 60004 milliseconds

      [!] Connection timeout/drop. Retrying (attempt 1/8) in 5s...

      [!] Connection timeout/drop. Retrying (attempt 1/8) in 5s...
      [API] Looping curl subprocess to Minimax (Attempt 2/8)...
      [API] Looping curl subprocess to Minimax (Attempt 2/8)...
      [API] Looping curl subprocess to Minimax (Attempt 2/8)...
      [API] Looping curl subprocess to Minimax (Attempt 2/8)...
      [API] Looping curl subprocess to Minimax (Attempt 2/8)...
      [API] Looping curl subprocess to Minimax (Attempt 2/8)...
      [API] Looping curl subprocess to Minimax (Attempt 2/8)...
      [API] Looping curl subprocess to Minimax (Attempt 2/8)...
      [API] Looping curl subprocess to Minimax (Attempt 2/8)...
      [API] Looping curl subprocess to Minimax (Attempt 2/8)...
      [!] Curl returned code 28 in 60.02s: curl: (28) Connection timed out after 60003 milliseconds
      [!] Curl returned code 28 in 60.02s: curl: (28) Connection timed out after 60005 milliseconds


      [!] Connection timeout/drop. Retrying (attempt 2/8) in 5s...      [!] Connection timeout/drop. Retrying (attempt 2/8) in 5s...

      [!] Curl returned code 28 in 60.02s: curl: (28) Connection timed out after 60004 milliseconds

      [!] Connection timeout/drop. Retrying (attempt 2/8) in 5s...
      [!] Curl returned code 28 in 60.01s: curl: (28) Connection timed out after 60002 milliseconds

      [!] Connection timeout/drop. Retrying (attempt 2/8) in 5s...
      [!] Curl returned code 28 in 60.01s: curl: (28) Connection timed out after 60001 milliseconds

      [!] Connection timeout/drop. Retrying (attempt 2/8) in 5s...
      [!] Curl returned code 28 in 60.01s: curl: (28) Connection timed out after 60000 milliseconds

      [!] Connection timeout/drop. Retrying (attempt 2/8) in 5s...
      [!] Curl returned code 28 in 60.01s: curl: (28) Connection timed out after 60001 milliseconds

      [!] Connection timeout/drop. Retrying (attempt 2/8) in 5s...
      [!] Curl returned code 28 in 60.02s: curl: (28) Connection timed out after 60005 milliseconds

      [!] Connection timeout/drop. Retrying (attempt 2/8) in 5s...
      [!] Curl returned code 28 in 60.01s: curl: (28) Connection timed out after 60000 milliseconds

      [!] Connection timeout/drop. Retrying (attempt 2/8) in 5s...
      [!] Curl returned code 28 in 60.01s: curl: (28) Connection timed out after 60005 milliseconds

      [!] Connection timeout/drop. Retrying (attempt 2/8) in 5s...
      [API] Looping curl subprocess to Minimax (Attempt 3/8)...
      [API] Looping curl subprocess to Minimax (Attempt 3/8)...
      [API] Looping curl subprocess to Minimax (Attempt 3/8)...      [API] Looping curl subprocess to Minimax (Attempt 3/8)...

      [API] Looping curl subprocess to Minimax (Attempt 3/8)...
      [API] Looping curl subprocess to Minimax (Attempt 3/8)...
      [API] Looping curl subprocess to Minimax (Attempt 3/8)...
      [API] Looping curl subprocess to Minimax (Attempt 3/8)...
      [API] Looping curl subprocess to Minimax (Attempt 3/8)...
      [API] Looping curl subprocess to Minimax (Attempt 3/8)...
      [!] Curl returned code 28 in 60.02s: curl: (28) Connection timed out after 60001 milliseconds

      [!] Connection timeout/drop. Retrying (attempt 3/8) in 5s...
      [!] Curl returned code 28 in 60.02s: curl: (28) Connection timed out after 60004 milliseconds

      [!] Connection timeout/drop. Retrying (attempt 3/8) in 5s...
      [!] Curl returned code 28 in 60.02s: curl: (28) Connection timed out after 60000 milliseconds

      [!] Connection timeout/drop. Retrying (attempt 3/8) in 5s...
      [!] Curl returned code 28 in 60.03s: curl: (28) Connection timed out after 60005 milliseconds

      [!] Connection timeout/drop. Retrying (attempt 3/8) in 5s...
      [!] Curl returned code 28 in 60.02s: curl: (28) Connection timed out after 60002 milliseconds

      [!] Connection timeout/drop. Retrying (attempt 3/8) in 5s...
      [!] Curl returned code 28 in 60.02s: curl: (28) Connection timed out after 60005 milliseconds

      [!] Connection timeout/drop. Retrying (attempt 3/8) in 5s...
      [!] Curl returned code 28 in 60.02s: curl: (28) Connection timed out after 60001 milliseconds

      [!] Connection timeout/drop. Retrying (attempt 3/8) in 5s...
      [!] Curl returned code 28 in 60.02s: curl: (28) Connection timed out after 60003 milliseconds

      [!] Connection timeout/drop. Retrying (attempt 3/8) in 5s...
      [!] Curl returned code 28 in 60.01s: curl: (28) Connection timed out after 60001 milliseconds

      [!] Connection timeout/drop. Retrying (attempt 3/8) in 5s...
      [!] Curl returned code 28 in 60.01s: curl: (28) Connection timed out after 60001 milliseconds

      [!] Connection timeout/drop. Retrying (attempt 3/8) in 5s...
      [API] Looping curl subprocess to Minimax (Attempt 4/8)...
      [API] Looping curl subprocess to Minimax (Attempt 4/8)...
      [API] Looping curl subprocess to Minimax (Attempt 4/8)...
      [API] Looping curl subprocess to Minimax (Attempt 4/8)...
      [API] Looping curl subprocess to Minimax (Attempt 4/8)...
      [API] Looping curl subprocess to Minimax (Attempt 4/8)...
      [API] Looping curl subprocess to Minimax (Attempt 4/8)...      [API] Looping curl subprocess to Minimax (Attempt 4/8)...

      [API] Looping curl subprocess to Minimax (Attempt 4/8)...
      [API] Looping curl subprocess to Minimax (Attempt 4/8)...
