Found 651 files to process with 3 workers.
  [>] Started ielts-r-0001.json
  [>] Started ielts-r-0002.json
  [-] Skipping ielts-r-0002.json, already processed.
  [>] Started ielts-r-0003.json
  [-] Skipping ielts-r-0003.json, already processed.  [>] Started ielts-r-0004.json

  [>] Started ielts-r-0005.json
  [-] Skipping ielts-r-0005.json, already processed.
  [-] Skipping ielts-r-0004.json, already processed.  [>] Started ielts-r-0006.json

  [-] Skipping ielts-r-0006.json, already processed.  [>] Started ielts-r-0007.json

  [>] Started ielts-r-0008.json
  [-] Skipping ielts-r-0008.json, already processed.  [ielts-r-0001] Extracted 2 pages.

    [Stage 1] Cleaning passage text...  [>] Started ielts-r-0009.json

  [-] Skipping ielts-r-0009.json, already processed.
  [ielts-r-0007] Extracted 2 pages.  [>] Started ielts-r-0010.json
    [Stage 1] Cleaning passage text...

  [-] Skipping ielts-r-0010.json, already processed.
  [>] Started ielts-r-0011.json
  [-] Skipping ielts-r-0011.json, already processed.
  [>] Started ielts-r-0012.json
  [-] Skipping ielts-r-0012.json, already processed.
  [>] Started ielts-r-0013.json
  [-] Skipping ielts-r-0013.json, already processed.
  [>] Started ielts-r-0014.json
  [-] Skipping ielts-r-0014.json, already processed.
  [>] Started ielts-r-0015.json
  [-] Skipping ielts-r-0015.json, already processed.
  [>] Started ielts-r-0016.json
  [-] Skipping ielts-r-0016.json, already processed.
  [>] Started ielts-r-0017.json
      [API] Looping curl subprocess to Minimax (Attempt 1/8)...  [-] Skipping ielts-r-0017.json, already processed.

  [>] Started ielts-r-0018.json      [API] Looping curl subprocess to Minimax (Attempt 1/8)...

  [-] Skipping ielts-r-0018.json, already processed.
  [>] Started ielts-r-0019.json
  [-] Skipping ielts-r-0019.json, already processed.
  [>] Started ielts-r-0020.json
  [-] Skipping ielts-r-0020.json, already processed.
  [>] Started ielts-r-0021.json
  [-] Skipping ielts-r-0021.json, already processed.
  [>] Started ielts-r-0022.json
  [-] Skipping ielts-r-0022.json, already processed.
  [>] Started ielts-r-0023.json
  [-] Skipping ielts-r-0023.json, already processed.
  [>] Started ielts-r-0024.json
  [-] Skipping ielts-r-0024.json, already processed.
  [>] Started ielts-r-0025.json
  [-] Skipping ielts-r-0025.json, already processed.
  [>] Started ielts-r-0026.json
  [-] Skipping ielts-r-0026.json, already processed.
  [>] Started ielts-r-0027.json
  [-] Skipping ielts-r-0027.json, already processed.
  [>] Started ielts-r-0028.json
  [-] Skipping ielts-r-0028.json, already processed.
  [>] Started ielts-r-0029.json
  [-] Skipping ielts-r-0029.json, already processed.
  [>] Started ielts-r-0030.json
  [-] Skipping ielts-r-0030.json, already processed.
  [>] Started ielts-r-0031.json
  [-] Skipping ielts-r-0031.json, already processed.
  [>] Started ielts-r-0032.json
  [-] Skipping ielts-r-0032.json, already processed.
  [>] Started ielts-r-0033.json
  [-] Skipping ielts-r-0033.json, already processed.
  [>] Started ielts-r-0034.json
  [-] Skipping ielts-r-0034.json, already processed.
  [>] Started ielts-r-0035.json
  [-] Skipping ielts-r-0035.json, already processed.
  [>] Started ielts-r-0036.json
  [-] Skipping ielts-r-0036.json, already processed.
  [>] Started ielts-r-0037.json
  [-] Skipping ielts-r-0037.json, already processed.
  [>] Started ielts-r-0038.json
  [-] Skipping ielts-r-0038.json, already processed.
  [>] Started ielts-r-0039.json
  [-] Skipping ielts-r-0039.json, already processed.
  [>] Started ielts-r-0040.json
  [-] Skipping ielts-r-0040.json, already processed.
  [>] Started ielts-r-0041.json
  [-] Skipping ielts-r-0041.json, already processed.
  [>] Started ielts-r-0042.json
  [-] Skipping ielts-r-0042.json, already processed.
  [>] Started ielts-r-0043.json
  [-] Skipping ielts-r-0043.json, already processed.
  [>] Started ielts-r-0044.json
  [-] Skipping ielts-r-0044.json, already processed.
  [>] Started ielts-r-0045.json
  [-] Skipping ielts-r-0045.json, already processed.
  [>] Started ielts-r-0046.json
  [-] Skipping ielts-r-0046.json, already processed.
  [>] Started ielts-r-0047.json
  [-] Skipping ielts-r-0047.json, already processed.
  [>] Started ielts-r-0048.json
  [-] Skipping ielts-r-0048.json, already processed.
  [>] Started ielts-r-0049.json
  [-] Skipping ielts-r-0049.json, already processed.
  [>] Started ielts-r-0050.json
  [-] Skipping ielts-r-0050.json, already processed.
  [>] Started ielts-r-0051.json
  [-] Skipping ielts-r-0051.json, already processed.
  [>] Started ielts-r-0052.json
  [-] Skipping ielts-r-0052.json, already processed.
  [>] Started ielts-r-0053.json
  [ielts-r-0053] Extracted 2 pages.
    [Stage 1] Cleaning passage text...
      [API] Looping curl subprocess to Minimax (Attempt 1/8)...
      [API] Minimax responded via curl in 35.86s.
    [Stage 2] Structuring questions and pairing answers...
      [API] Looping curl subprocess to Minimax (Attempt 1/8)...
      [API] Minimax responded via curl in 41.79s.
    [Stage 2] Structuring questions and pairing answers...
      [API] Looping curl subprocess to Minimax (Attempt 1/8)...
      [API] Minimax responded via curl in 44.63s.
    [Stage 2] Structuring questions and pairing answers...
      [API] Looping curl subprocess to Minimax (Attempt 1/8)...
      [!] Curl returned code 28 in 60.12s: curl: (28) Operation timed out after 60001 milliseconds with 0 bytes received

      [!] Connection timeout/drop. Retrying (attempt 1/8) in 5s...
      [API] Looping curl subprocess to Minimax (Attempt 2/8)...
      [!] Curl returned code 28 in 60.02s: curl: (28) Operation timed out after 60001 milliseconds with 0 bytes received

      [!] Connection timeout/drop. Retrying (attempt 1/8) in 5s...
      [!] Curl returned code 28 in 60.02s: curl: (28) Operation timed out after 60004 milliseconds with 0 bytes received

      [!] Connection timeout/drop. Retrying (attempt 1/8) in 5s...
      [API] Looping curl subprocess to Minimax (Attempt 2/8)...
      [API] Looping curl subprocess to Minimax (Attempt 2/8)...
      [!] Curl returned code 28 in 60.02s: curl: (28) Operation timed out after 60004 milliseconds with 0 bytes received

      [!] Connection timeout/drop. Retrying (attempt 2/8) in 5s...
      [API] Looping curl subprocess to Minimax (Attempt 3/8)...
      [!] Curl returned code 28 in 60.02s: curl: (28) Operation timed out after 60005 milliseconds with 0 bytes received

      [!] Connection timeout/drop. Retrying (attempt 2/8) in 5s...
      [!] Curl returned code 28 in 60.02s: curl: (28) Operation timed out after 60006 milliseconds with 0 bytes received

      [!] Connection timeout/drop. Retrying (attempt 2/8) in 5s...
      [API] Looping curl subprocess to Minimax (Attempt 3/8)...
      [API] Looping curl subprocess to Minimax (Attempt 3/8)...
      [!] Curl returned code 28 in 60.03s: curl: (28) Operation timed out after 60003 milliseconds with 0 bytes received

      [!] Connection timeout/drop. Retrying (attempt 3/8) in 5s...
      [API] Looping curl subprocess to Minimax (Attempt 4/8)...
      [!] Curl returned code 28 in 60.03s: curl: (28) Operation timed out after 60004 milliseconds with 0 bytes received

      [!] Connection timeout/drop. Retrying (attempt 3/8) in 5s...
      [!] Curl returned code 28 in 60.04s: curl: (28) Operation timed out after 60006 milliseconds with 0 bytes received

      [!] Connection timeout/drop. Retrying (attempt 3/8) in 5s...
      [API] Looping curl subprocess to Minimax (Attempt 4/8)...
      [API] Looping curl subprocess to Minimax (Attempt 4/8)...
      [!] Curl returned code 28 in 60.02s: curl: (28) Operation timed out after 60003 milliseconds with 0 bytes received

      [!] Connection timeout/drop. Retrying (attempt 4/8) in 5s...
      [API] Looping curl subprocess to Minimax (Attempt 5/8)...
      [!] Curl returned code 28 in 60.03s: curl: (28) Operation timed out after 60002 milliseconds with 0 bytes received

      [!] Connection timeout/drop. Retrying (attempt 4/8) in 5s...
      [!] Curl returned code 28 in 60.02s: curl: (28) Operation timed out after 60001 milliseconds with 0 bytes received

      [!] Connection timeout/drop. Retrying (attempt 4/8) in 5s...
      [API] Looping curl subprocess to Minimax (Attempt 5/8)...
      [API] Looping curl subprocess to Minimax (Attempt 5/8)...
      [!] Curl returned code 28 in 60.03s: curl: (28) Operation timed out after 60002 milliseconds with 0 bytes received

      [!] Connection timeout/drop. Retrying (attempt 5/8) in 5s...
      [API] Looping curl subprocess to Minimax (Attempt 6/8)...
      [!] Curl returned code 28 in 60.02s: curl: (28) Operation timed out after 60003 milliseconds with 0 bytes received

      [!] Connection timeout/drop. Retrying (attempt 5/8) in 5s...
      [!] Curl returned code 28 in 60.02s: curl: (28) Operation timed out after 60001 milliseconds with 0 bytes received

      [!] Connection timeout/drop. Retrying (attempt 5/8) in 5s...
      [API] Looping curl subprocess to Minimax (Attempt 6/8)...
      [API] Looping curl subprocess to Minimax (Attempt 6/8)...
      [!] Curl returned code 28 in 60.02s: curl: (28) Operation timed out after 60001 milliseconds with 0 bytes received

      [!] Connection timeout/drop. Retrying (attempt 6/8) in 5s...
      [API] Looping curl subprocess to Minimax (Attempt 7/8)...
      [!] Curl returned code 28 in 60.02s: curl: (28) Operation timed out after 60002 milliseconds with 0 bytes received

      [!] Connection timeout/drop. Retrying (attempt 6/8) in 5s...
      [!] Curl returned code 28 in 60.04s: curl: (28) Operation timed out after 60006 milliseconds with 0 bytes received

      [!] Connection timeout/drop. Retrying (attempt 6/8) in 5s...
      [API] Looping curl subprocess to Minimax (Attempt 7/8)...
      [API] Looping curl subprocess to Minimax (Attempt 7/8)...
      [!] Curl returned code 28 in 60.03s: curl: (28) Operation timed out after 60004 milliseconds with 0 bytes received

      [!] Connection timeout/drop. Retrying (attempt 7/8) in 5s...
      [API] Looping curl subprocess to Minimax (Attempt 8/8)...
      [!] Curl returned code 28 in 60.03s: curl: (28) Operation timed out after 60003 milliseconds with 0 bytes received

      [!] Connection timeout/drop. Retrying (attempt 7/8) in 5s...
      [!] Curl returned code 28 in 60.02s: curl: (28) Operation timed out after 60002 milliseconds with 0 bytes received

      [!] Connection timeout/drop. Retrying (attempt 7/8) in 5s...
      [API] Looping curl subprocess to Minimax (Attempt 8/8)...
      [API] Looping curl subprocess to Minimax (Attempt 8/8)...
      [!] Curl returned code 28 in 60.04s: curl: (28) Operation timed out after 60002 milliseconds with 0 bytes received

  [!] Minimax subprocess Error: Curl failed: curl: (28) Operation timed out after 60002 milliseconds with 0 bytes received

  [!] Error processing ielts-r-0001.json: Curl failed: curl: (28) Operation timed out after 60002 milliseconds with 0 bytes received

  [>] Started ielts-r-0054.json
  [-] Skipping ielts-r-0054.json, already processed.
  [>] Started ielts-r-0055.json
  [-] Skipping ielts-r-0055.json, already processed.
  [>] Started ielts-r-0056.json
  [-] Skipping ielts-r-0056.json, already processed.
  [>] Started ielts-r-0057.json
  [-] Skipping ielts-r-0057.json, already processed.
  [>] Started ielts-r-0058.json
  [-] Skipping ielts-r-0058.json, already processed.
  [>] Started ielts-r-0059.json
  [-] Skipping ielts-r-0059.json, already processed.
  [>] Started ielts-r-0060.json
  [-] Skipping ielts-r-0060.json, already processed.
  [>] Started ielts-r-0061.json
  [-] Skipping ielts-r-0061.json, already processed.
  [>] Started ielts-r-0062.json
  [-] Skipping ielts-r-0062.json, already processed.
  [>] Started ielts-r-0063.json
  [-] Skipping ielts-r-0063.json, already processed.
  [>] Started ielts-r-0064.json
  [ielts-r-0064] Extracted 2 pages.
    [Stage 1] Cleaning passage text...
      [API] Looping curl subprocess to Minimax (Attempt 1/8)...
      [!] Curl returned code 28 in 60.02s: curl: (28) Operation timed out after 60005 milliseconds with 0 bytes received

  [!] Minimax subprocess Error: Curl failed: curl: (28) Operation timed out after 60005 milliseconds with 0 bytes received

  [!] Error processing ielts-r-0053.json: Curl failed: curl: (28) Operation timed out after 60005 milliseconds with 0 bytes received

  [>] Started ielts-r-0065.json
  [ielts-r-0065] Extracted 2 pages.
    [Stage 1] Cleaning passage text...
      [API] Looping curl subprocess to Minimax (Attempt 1/8)...
      [!] Curl returned code 28 in 60.02s: curl: (28) Operation timed out after 60005 milliseconds with 0 bytes received

  [!] Minimax subprocess Error: Curl failed: curl: (28) Operation timed out after 60005 milliseconds with 0 bytes received

  [!] Error processing ielts-r-0007.json: Curl failed: curl: (28) Operation timed out after 60005 milliseconds with 0 bytes received

  [>] Started ielts-r-0066.json
  [-] Skipping ielts-r-0066.json, already processed.
  [>] Started ielts-r-0067.json
  [-] Skipping ielts-r-0067.json, already processed.
  [>] Started ielts-r-0068.json
  [-] Skipping ielts-r-0068.json, already processed.
  [>] Started ielts-r-0069.json
  [-] Skipping ielts-r-0069.json, already processed.
  [>] Started ielts-r-0070.json
  [ielts-r-0070] Extracted 2 pages.
    [Stage 1] Cleaning passage text...
      [API] Looping curl subprocess to Minimax (Attempt 1/8)...
      [API] Minimax responded via curl in 36.32s.
    [Stage 2] Structuring questions and pairing answers...
      [API] Looping curl subprocess to Minimax (Attempt 1/8)...
      [API] Minimax responded via curl in 41.35s.
    [Stage 2] Structuring questions and pairing answers...
      [API] Looping curl subprocess to Minimax (Attempt 1/8)...
      [API] Minimax responded via curl in 59.84s.
    [Stage 2] Structuring questions and pairing answers...
      [API] Looping curl subprocess to Minimax (Attempt 1/8)...
