Found 651 files to process with 5 workers.
  [>] Started ielts-r-0001.json
  [>] Started ielts-r-0002.json  [>] Started ielts-r-0003.json  [-] Skipping ielts-r-0001.json, already processed.
  [>] Started ielts-r-0004.json

  [>] Started ielts-r-0006.json
  [-] Skipping ielts-r-0004.json, already processed.  [>] Started ielts-r-0005.json  [-] Skipping ielts-r-0003.json, already processed.
  [-] Skipping ielts-r-0002.json, already processed.
  [-] Skipping ielts-r-0006.json, already processed.
  [>] Started ielts-r-0007.json

  [-] Skipping ielts-r-0005.json, already processed.
  [-] Skipping ielts-r-0007.json, already processed.  [>] Started ielts-r-0008.json

  [>] Started ielts-r-0009.json

  [>] Started ielts-r-0010.json
  [>] Started ielts-r-0012.json  [-] Skipping ielts-r-0008.json, already processed.  [>] Started ielts-r-0011.json



  [>] Started ielts-r-0013.json  [-] Skipping ielts-r-0009.json, already processed.  [-] Skipping ielts-r-0012.json, already processed.
  [-] Skipping ielts-r-0010.json, already processed.  [>] Started ielts-r-0014.json  [-] Skipping ielts-r-0011.json, already processed.




  [-] Skipping ielts-r-0014.json, already processed.  [>] Started ielts-r-0016.json
  [>] Started ielts-r-0015.json
  [-] Skipping ielts-r-0013.json, already processed.
  [>] Started ielts-r-0018.json  [>] Started ielts-r-0017.json
  [-] Skipping ielts-r-0015.json, already processed.

  [-] Skipping ielts-r-0016.json, already processed.  [>] Started ielts-r-0019.json

  [-] Skipping ielts-r-0017.json, already processed.  [>] Started ielts-r-0020.json
  [-] Skipping ielts-r-0018.json, already processed.


  [-] Skipping ielts-r-0020.json, already processed.  [>] Started ielts-r-0021.json  [>] Started ielts-r-0022.json  [-] Skipping ielts-r-0019.json, already processed.  [>] Started ielts-r-0023.json



  [>] Started ielts-r-0024.json
  [-] Skipping ielts-r-0022.json, already processed.
  [-] Skipping ielts-r-0023.json, already processed.  [-] Skipping ielts-r-0021.json, already processed.
  [>] Started ielts-r-0026.json  [>] Started ielts-r-0025.json


  [>] Started ielts-r-0027.json  [-] Skipping ielts-r-0024.json, already processed.

  [>] Started ielts-r-0028.json
  [>] Started ielts-r-0029.json  [-] Skipping ielts-r-0026.json, already processed.
  [-] Skipping ielts-r-0025.json, already processed.  [-] Skipping ielts-r-0027.json, already processed.



  [>] Started ielts-r-0030.json  [-] Skipping ielts-r-0028.json, already processed.  [>] Started ielts-r-0031.json  [>] Started ielts-r-0032.json  [-] Skipping ielts-r-0029.json, already processed.


  [-] Skipping ielts-r-0030.json, already processed.  [>] Started ielts-r-0033.json


  [>] Started ielts-r-0034.json
  [-] Skipping ielts-r-0032.json, already processed.

  [>] Started ielts-r-0035.json  [>] Started ielts-r-0036.json  [-] Skipping ielts-r-0031.json, already processed.
  [-] Skipping ielts-r-0033.json, already processed.


  [-] Skipping ielts-r-0035.json, already processed.  [-] Skipping ielts-r-0034.json, already processed.  [>] Started ielts-r-0038.json  [>] Started ielts-r-0037.json


  [>] Started ielts-r-0039.json

  [-] Skipping ielts-r-0038.json, already processed.  [>] Started ielts-r-0040.json  [-] Skipping ielts-r-0036.json, already processed.
  [-] Skipping ielts-r-0039.json, already processed.

  [>] Started ielts-r-0041.json  [-] Skipping ielts-r-0037.json, already processed.  [>] Started ielts-r-0042.json


  [>] Started ielts-r-0043.json  [-] Skipping ielts-r-0040.json, already processed.
  [>] Started ielts-r-0044.json
  [-] Skipping ielts-r-0043.json, already processed.
  [-] Skipping ielts-r-0042.json, already processed.

  [>] Started ielts-r-0045.json  [-] Skipping ielts-r-0044.json, already processed.  [>] Started ielts-r-0046.json

  [-] Skipping ielts-r-0041.json, already processed.

  [>] Started ielts-r-0047.json  [>] Started ielts-r-0048.json  [-] Skipping ielts-r-0046.json, already processed.  [-] Skipping ielts-r-0045.json, already processed.


  [>] Started ielts-r-0049.json

  [-] Skipping ielts-r-0048.json, already processed.  [>] Started ielts-r-0050.json
  [>] Started ielts-r-0051.json  [-] Skipping ielts-r-0047.json, already processed.


  [-] Skipping ielts-r-0049.json, already processed.
  [>] Started ielts-r-0052.json
  [-] Skipping ielts-r-0051.json, already processed.  [-] Skipping ielts-r-0050.json, already processed.

  [>] Started ielts-r-0053.json  [>] Started ielts-r-0054.json
  [>] Started ielts-r-0055.json

  [-] Skipping ielts-r-0052.json, already processed.
  [-] Skipping ielts-r-0053.json, already processed.  [>] Started ielts-r-0056.json


  [-] Skipping ielts-r-0054.json, already processed.  [-] Skipping ielts-r-0055.json, already processed.  [>] Started ielts-r-0057.json

  [>] Started ielts-r-0058.json

  [>] Started ielts-r-0059.json  [-] Skipping ielts-r-0056.json, already processed.
  [>] Started ielts-r-0060.json
  [>] Started ielts-r-0061.json  [-] Skipping ielts-r-0057.json, already processed.


  [>] Started ielts-r-0062.json  [-] Skipping ielts-r-0058.json, already processed.  [-] Skipping ielts-r-0059.json, already processed.


  [>] Started ielts-r-0063.json  [-] Skipping ielts-r-0061.json, already processed.  [-] Skipping ielts-r-0060.json, already processed.  [>] Started ielts-r-0064.json
  [-] Skipping ielts-r-0062.json, already processed.


  [-] Skipping ielts-r-0063.json, already processed.

  [>] Started ielts-r-0065.json  [>] Started ielts-r-0066.json  [>] Started ielts-r-0067.json
  [>] Started ielts-r-0068.json


  [-] Skipping ielts-r-0064.json, already processed.
  [-] Skipping ielts-r-0065.json, already processed.  [-] Skipping ielts-r-0068.json, already processed.  [>] Started ielts-r-0069.json

  [-] Skipping ielts-r-0066.json, already processed.  [>] Started ielts-r-0070.json  [-] Skipping ielts-r-0067.json, already processed.

  [>] Started ielts-r-0071.json
  [>] Started ielts-r-0072.json
  [>] Started ielts-r-0073.json


  [-] Skipping ielts-r-0069.json, already processed.
  [-] Skipping ielts-r-0071.json, already processed.  [-] Skipping ielts-r-0072.json, already processed.  [>] Started ielts-r-0074.json


  [>] Started ielts-r-0075.json  [>] Started ielts-r-0076.json  [-] Skipping ielts-r-0073.json, already processed.
  [-] Skipping ielts-r-0074.json, already processed.

  [>] Started ielts-r-0077.json
  [-] Skipping ielts-r-0076.json, already processed.  [-] Skipping ielts-r-0075.json, already processed.
  [>] Started ielts-r-0078.json


  [>] Started ielts-r-0079.json  [>] Started ielts-r-0080.json  [-] Skipping ielts-r-0077.json, already processed.


  [-] Skipping ielts-r-0078.json, already processed.  [-] Skipping ielts-r-0079.json, already processed.

  [-] Skipping ielts-r-0080.json, already processed.  [>] Started ielts-r-0081.json  [>] Started ielts-r-0082.json
  [>] Started ielts-r-0083.json

  [-] Skipping ielts-r-0081.json, already processed.  [>] Started ielts-r-0084.json

  [>] Started ielts-r-0085.json
  [-] Skipping ielts-r-0083.json, already processed.
  [-] Skipping ielts-r-0084.json, already processed.
  [-] Skipping ielts-r-0082.json, already processed.
  [ielts-r-0070] Extracted 2 pages.
  [-] Skipping ielts-r-0085.json, already processed.
  [>] Started ielts-r-0086.json  [>] Started ielts-r-0087.json  [>] Started ielts-r-0088.json
    [Stage 1] Cleaning passage text...


  [>] Started ielts-r-0089.json

  [-] Skipping ielts-r-0088.json, already processed.
  [-] Skipping ielts-r-0089.json, already processed.  [-] Skipping ielts-r-0087.json, already processed.  [-] Skipping ielts-r-0086.json, already processed.

  [>] Started ielts-r-0090.json  [>] Started ielts-r-0091.json

  [>] Started ielts-r-0092.json

  [>] Started ielts-r-0093.json  [-] Skipping ielts-r-0090.json, already processed.  [-] Skipping ielts-r-0091.json, already processed.

  [>] Started ielts-r-0094.json  [-] Skipping ielts-r-0092.json, already processed.

  [>] Started ielts-r-0095.json  [>] Started ielts-r-0096.json


  [-] Skipping ielts-r-0096.json, already processed.  [-] Skipping ielts-r-0094.json, already processed.  [-] Skipping ielts-r-0095.json, already processed.

  [>] Started ielts-r-0097.json      [API] Looping curl subprocess to Minimax (Attempt 1/8)...

  [>] Started ielts-r-0098.json

  [>] Started ielts-r-0099.json  [ielts-r-0093] Extracted 2 pages.
  [-] Skipping ielts-r-0098.json, already processed.  [-] Skipping ielts-r-0097.json, already processed.


  [>] Started ielts-r-0100.json    [Stage 1] Cleaning passage text...  [>] Started ielts-r-0101.json

  [-] Skipping ielts-r-0099.json, already processed.  [-] Skipping ielts-r-0100.json, already processed.      [API] Looping curl subprocess to Minimax (Attempt 1/8)...



  [-] Skipping ielts-r-0101.json, already processed.  [>] Started ielts-r-0102.json  [>] Started ielts-r-0103.json


  [>] Started ielts-r-0104.json
  [-] Skipping ielts-r-0102.json, already processed.
  [>] Started ielts-r-0105.json
  [-] Skipping ielts-r-0105.json, already processed.
  [>] Started ielts-r-0106.json
  [-] Skipping ielts-r-0104.json, already processed.  [-] Skipping ielts-r-0103.json, already processed.

  [>] Started ielts-r-0107.json  [-] Skipping ielts-r-0106.json, already processed.  [>] Started ielts-r-0108.json


  [>] Started ielts-r-0109.json
  [-] Skipping ielts-r-0108.json, already processed.  [-] Skipping ielts-r-0107.json, already processed.

  [>] Started ielts-r-0110.json  [>] Started ielts-r-0111.json  [-] Skipping ielts-r-0109.json, already processed.


  [>] Started ielts-r-0112.json  [-] Skipping ielts-r-0110.json, already processed.
  [-] Skipping ielts-r-0111.json, already processed.

  [>] Started ielts-r-0113.json  [>] Started ielts-r-0114.json  [-] Skipping ielts-r-0112.json, already processed.


  [-] Skipping ielts-r-0114.json, already processed.  [>] Started ielts-r-0115.json
  [-] Skipping ielts-r-0113.json, already processed.
  [>] Started ielts-r-0116.json

  [>] Started ielts-r-0117.json  [-] Skipping ielts-r-0115.json, already processed.
  [-] Skipping ielts-r-0116.json, already processed.

  [>] Started ielts-r-0118.json  [-] Skipping ielts-r-0117.json, already processed.

  [>] Started ielts-r-0119.json
  [-] Skipping ielts-r-0118.json, already processed.  [>] Started ielts-r-0120.json

  [>] Started ielts-r-0121.json  [-] Skipping ielts-r-0119.json, already processed.

  [-] Skipping ielts-r-0120.json, already processed.  [-] Skipping ielts-r-0121.json, already processed.  [>] Started ielts-r-0122.json


  [>] Started ielts-r-0123.json  [>] Started ielts-r-0124.json

  [-] Skipping ielts-r-0122.json, already processed.
  [-] Skipping ielts-r-0123.json, already processed.  [-] Skipping ielts-r-0124.json, already processed.  [>] Started ielts-r-0125.json


  [>] Started ielts-r-0126.json  [-] Skipping ielts-r-0125.json, already processed.  [>] Started ielts-r-0127.json


  [-] Skipping ielts-r-0126.json, already processed.  [>] Started ielts-r-0128.json  [-] Skipping ielts-r-0127.json, already processed.

  [>] Started ielts-r-0129.json
  [>] Started ielts-r-0130.json

  [-] Skipping ielts-r-0128.json, already processed.
  [-] Skipping ielts-r-0130.json, already processed.
  [>] Started ielts-r-0131.json  [-] Skipping ielts-r-0129.json, already processed.  [>] Started ielts-r-0132.json

  [-] Skipping ielts-r-0132.json, already processed.
  [>] Started ielts-r-0133.json  [-] Skipping ielts-r-0131.json, already processed.


  [>] Started ielts-r-0134.json  [>] Started ielts-r-0135.json  [-] Skipping ielts-r-0133.json, already processed.


  [>] Started ielts-r-0136.json  [-] Skipping ielts-r-0135.json, already processed.

  [>] Started ielts-r-0137.json
  [-] Skipping ielts-r-0136.json, already processed.
  [-] Skipping ielts-r-0134.json, already processed.  [>] Started ielts-r-0138.json

  [-] Skipping ielts-r-0137.json, already processed.  [>] Started ielts-r-0139.json
  [-] Skipping ielts-r-0138.json, already processed.
  [>] Started ielts-r-0140.json

  [-] Skipping ielts-r-0139.json, already processed.  [>] Started ielts-r-0141.json  [-] Skipping ielts-r-0140.json, already processed.


  [>] Started ielts-r-0142.json  [>] Started ielts-r-0143.json  [-] Skipping ielts-r-0141.json, already processed.


  [-] Skipping ielts-r-0143.json, already processed.  [>] Started ielts-r-0144.json  [-] Skipping ielts-r-0142.json, already processed.


  [>] Started ielts-r-0145.json  [>] Started ielts-r-0146.json
  [-] Skipping ielts-r-0144.json, already processed.

  [-] Skipping ielts-r-0145.json, already processed.  [>] Started ielts-r-0147.json
  [-] Skipping ielts-r-0146.json, already processed.
  [>] Started ielts-r-0148.json

  [>] Started ielts-r-0149.json  [-] Skipping ielts-r-0147.json, already processed.

  [-] Skipping ielts-r-0148.json, already processed.  [>] Started ielts-r-0150.json

  [>] Started ielts-r-0151.json
  [-] Skipping ielts-r-0151.json, already processed.
  [>] Started ielts-r-0152.json
  [-] Skipping ielts-r-0152.json, already processed.
  [>] Started ielts-r-0153.json
  [-] Skipping ielts-r-0150.json, already processed.
  [>] Started ielts-r-0154.json
  [-] Skipping ielts-r-0154.json, already processed.
  [>] Started ielts-r-0155.json
  [-] Skipping ielts-r-0155.json, already processed.
  [>] Started ielts-r-0156.json
  [-] Skipping ielts-r-0156.json, already processed.
  [>] Started ielts-r-0157.json
  [-] Skipping ielts-r-0157.json, already processed.
  [>] Started ielts-r-0158.json
  [-] Skipping ielts-r-0158.json, already processed.
  [>] Started ielts-r-0159.json
  [ielts-r-0149] Extracted 2 pages.
    [Stage 1] Cleaning passage text...
      [API] Looping curl subprocess to Minimax (Attempt 1/8)...
  [-] Skipping ielts-r-0159.json, already processed.  [ielts-r-0153] Extracted 2 pages.
  [>] Started ielts-r-0160.json

  [-] Skipping ielts-r-0160.json, already processed.
  [>] Started ielts-r-0161.json    [Stage 1] Cleaning passage text...

  [-] Skipping ielts-r-0161.json, already processed.      [API] Looping curl subprocess to Minimax (Attempt 1/8)...
  [>] Started ielts-r-0162.json
  [-] Skipping ielts-r-0162.json, already processed.
  [>] Started ielts-r-0163.json
  [-] Skipping ielts-r-0163.json, already processed.
  [>] Started ielts-r-0164.json
  [-] Skipping ielts-r-0164.json, already processed.
  [>] Started ielts-r-0165.json
  [-] Skipping ielts-r-0165.json, already processed.
  [>] Started ielts-r-0166.json
  [-] Skipping ielts-r-0166.json, already processed.
  [>] Started ielts-r-0167.json

  [-] Skipping ielts-r-0167.json, already processed.
  [>] Started ielts-r-0168.json
  [ielts-r-0168] Extracted 2 pages.
    [Stage 1] Cleaning passage text...
      [API] Looping curl subprocess to Minimax (Attempt 1/8)...
      [API] Minimax responded via curl in 37.44s.
    [Stage 2] Structuring questions and pairing answers...
      [API] Looping curl subprocess to Minimax (Attempt 1/8)...
      [API] Minimax responded via curl in 42.47s.
    [Stage 2] Structuring questions and pairing answers...
      [API] Looping curl subprocess to Minimax (Attempt 1/8)...
      [API] Minimax responded via curl in 46.15s.
    [Stage 2] Structuring questions and pairing answers...
      [API] Looping curl subprocess to Minimax (Attempt 1/8)...
      [API] Minimax responded via curl in 46.18s.
    [Stage 2] Structuring questions and pairing answers...
      [API] Looping curl subprocess to Minimax (Attempt 1/8)...
      [API] Minimax responded via curl in 51.42s.
    [Stage 2] Structuring questions and pairing answers...
      [API] Looping curl subprocess to Minimax (Attempt 1/8)...
      [!] Curl returned code 28 in 60.03s: curl: (28) Operation timed out after 60003 milliseconds with 0 bytes received

      [!] Connection timeout/drop. Retrying (attempt 1/8) in 5s...
      [API] Looping curl subprocess to Minimax (Attempt 2/8)...
      [!] Curl returned code 28 in 60.03s: curl: (28) Operation timed out after 60003 milliseconds with 0 bytes received

      [!] Connection timeout/drop. Retrying (attempt 1/8) in 5s...
      [!] Curl returned code 28 in 60.04s: curl: (28) Operation timed out after 60005 milliseconds with 0 bytes received

      [!] Connection timeout/drop. Retrying (attempt 1/8) in 5s...
      [!] Curl returned code 28 in 60.03s: curl: (28) Operation timed out after 60004 milliseconds with 0 bytes received

      [!] Connection timeout/drop. Retrying (attempt 1/8) in 5s...
      [API] Looping curl subprocess to Minimax (Attempt 2/8)...
      [API] Looping curl subprocess to Minimax (Attempt 2/8)...
      [API] Looping curl subprocess to Minimax (Attempt 2/8)...
      [!] Curl returned code 28 in 60.02s: curl: (28) Operation timed out after 60003 milliseconds with 0 bytes received

      [!] Connection timeout/drop. Retrying (attempt 1/8) in 5s...
      [API] Looping curl subprocess to Minimax (Attempt 2/8)...
      [!] Curl returned code 28 in 60.03s: curl: (28) Operation timed out after 60005 milliseconds with 0 bytes received

      [!] Connection timeout/drop. Retrying (attempt 2/8) in 5s...
      [API] Looping curl subprocess to Minimax (Attempt 3/8)...
      [!] Curl returned code 28 in 60.03s: curl: (28) Operation timed out after 60005 milliseconds with 0 bytes received

      [!] Connection timeout/drop. Retrying (attempt 2/8) in 5s...
      [!] Curl returned code 28 in 60.03s: curl: (28) Operation timed out after 60003 milliseconds with 0 bytes received

      [!] Connection timeout/drop. Retrying (attempt 2/8) in 5s...
      [!] Curl returned code 28 in 60.02s: curl: (28) Operation timed out after 60005 milliseconds with 0 bytes received

      [!] Connection timeout/drop. Retrying (attempt 2/8) in 5s...
      [API] Looping curl subprocess to Minimax (Attempt 3/8)...
      [API] Looping curl subprocess to Minimax (Attempt 3/8)...
      [API] Looping curl subprocess to Minimax (Attempt 3/8)...
      [!] Curl returned code 28 in 60.03s: curl: (28) Operation timed out after 60005 milliseconds with 0 bytes received

      [!] Connection timeout/drop. Retrying (attempt 2/8) in 5s...
      [API] Looping curl subprocess to Minimax (Attempt 3/8)...
      [!] Curl returned code 28 in 60.03s: curl: (28) Operation timed out after 60003 milliseconds with 0 bytes received

      [!] Connection timeout/drop. Retrying (attempt 3/8) in 5s...
      [API] Looping curl subprocess to Minimax (Attempt 4/8)...
      [!] Curl returned code 28 in 60.03s: curl: (28) Operation timed out after 60004 milliseconds with 0 bytes received

      [!] Connection timeout/drop. Retrying (attempt 3/8) in 5s...
      [!] Curl returned code 28 in 60.03s: curl: (28) Operation timed out after 60002 milliseconds with 0 bytes received

      [!] Curl returned code 28 in 60.02s: curl: (28) Operation timed out after 60001 milliseconds with 0 bytes received

      [!] Connection timeout/drop. Retrying (attempt 3/8) in 5s...
      [!] Connection timeout/drop. Retrying (attempt 3/8) in 5s...
      [API] Looping curl subprocess to Minimax (Attempt 4/8)...
      [API] Looping curl subprocess to Minimax (Attempt 4/8)...
      [API] Looping curl subprocess to Minimax (Attempt 4/8)...
      [!] Curl returned code 28 in 60.02s: curl: (28) Operation timed out after 60002 milliseconds with 0 bytes received

      [!] Connection timeout/drop. Retrying (attempt 3/8) in 5s...
      [API] Looping curl subprocess to Minimax (Attempt 4/8)...
      [!] Curl returned code 28 in 60.03s: curl: (28) Operation timed out after 60004 milliseconds with 0 bytes received

      [!] Connection timeout/drop. Retrying (attempt 4/8) in 5s...
      [API] Minimax responded via curl in 57.62s.
  [+] Success ielts-r-0093.json
  [>] Started ielts-r-0169.json
  [ielts-r-0169] Extracted 2 pages.
    [Stage 1] Cleaning passage text...
      [API] Looping curl subprocess to Minimax (Attempt 1/8)...
      [API] Looping curl subprocess to Minimax (Attempt 5/8)...
      [!] Curl returned code 28 in 60.01s: curl: (28) Operation timed out after 60002 milliseconds with 0 bytes received

      [!] Connection timeout/drop. Retrying (attempt 4/8) in 5s...
      [!] Curl returned code 28 in 60.02s: curl: (28) Operation timed out after 60005 milliseconds with 0 bytes received

      [!] Connection timeout/drop. Retrying (attempt 4/8) in 5s...
      [API] Looping curl subprocess to Minimax (Attempt 5/8)...      [API] Looping curl subprocess to Minimax (Attempt 5/8)...

      [!] Curl returned code 28 in 60.03s: curl: (28) Operation timed out after 60006 milliseconds with 0 bytes received

      [!] Connection timeout/drop. Retrying (attempt 4/8) in 5s...
      [API] Looping curl subprocess to Minimax (Attempt 5/8)...
      [API] Minimax responded via curl in 34.58s.
    [Stage 2] Structuring questions and pairing answers...
      [API] Looping curl subprocess to Minimax (Attempt 1/8)...
      [!] Curl returned code 28 in 60.03s: curl: (28) Operation timed out after 60005 milliseconds with 0 bytes received

      [!] Connection timeout/drop. Retrying (attempt 5/8) in 5s...
      [API] Looping curl subprocess to Minimax (Attempt 6/8)...
      [!] Curl returned code 28 in 60.02s: curl: (28) Operation timed out after 60003 milliseconds with 0 bytes received
      [!] Curl returned code 28 in 60.02s: curl: (28) Operation timed out after 60003 milliseconds with 0 bytes received


      [!] Connection timeout/drop. Retrying (attempt 5/8) in 5s...
      [!] Connection timeout/drop. Retrying (attempt 5/8) in 5s...
      [API] Looping curl subprocess to Minimax (Attempt 6/8)...
      [API] Looping curl subprocess to Minimax (Attempt 6/8)...
      [!] Curl returned code 28 in 60.03s: curl: (28) Operation timed out after 60001 milliseconds with 0 bytes received

      [!] Connection timeout/drop. Retrying (attempt 5/8) in 5s...
      [API] Looping curl subprocess to Minimax (Attempt 6/8)...
      [!] Curl returned code 28 in 60.03s: curl: (28) Operation timed out after 60005 milliseconds with 0 bytes received

      [!] Connection timeout/drop. Retrying (attempt 1/8) in 5s...
      [API] Looping curl subprocess to Minimax (Attempt 2/8)...
      [!] Curl returned code 28 in 60.03s: curl: (28) Operation timed out after 60006 milliseconds with 0 bytes received

      [!] Connection timeout/drop. Retrying (attempt 6/8) in 5s...
      [API] Looping curl subprocess to Minimax (Attempt 7/8)...
      [!] Curl returned code 28 in 60.02s: curl: (28) Operation timed out after 60004 milliseconds with 0 bytes received

      [!] Connection timeout/drop. Retrying (attempt 6/8) in 5s...
      [!] Curl returned code 28 in 60.03s: curl: (28) Operation timed out after 60006 milliseconds with 0 bytes received

      [!] Connection timeout/drop. Retrying (attempt 6/8) in 5s...
      [API] Looping curl subprocess to Minimax (Attempt 7/8)...
      [API] Looping curl subprocess to Minimax (Attempt 7/8)...
      [!] Curl returned code 28 in 60.03s: curl: (28) Operation timed out after 60002 milliseconds with 0 bytes received

      [!] Connection timeout/drop. Retrying (attempt 6/8) in 5s...
      [API] Looping curl subprocess to Minimax (Attempt 7/8)...
      [!] Curl returned code 28 in 60.04s: curl: (28) Operation timed out after 60001 milliseconds with 0 bytes received

      [!] Connection timeout/drop. Retrying (attempt 2/8) in 5s...
      [API] Looping curl subprocess to Minimax (Attempt 3/8)...
      [!] Curl returned code 28 in 60.02s: curl: (28) Operation timed out after 60004 milliseconds with 0 bytes received

      [!] Connection timeout/drop. Retrying (attempt 7/8) in 5s...
      [API] Looping curl subprocess to Minimax (Attempt 8/8)...
      [!] Curl returned code 28 in 60.02s: curl: (28) Operation timed out after 60005 milliseconds with 0 bytes received

      [!] Connection timeout/drop. Retrying (attempt 7/8) in 5s...
      [!] Curl returned code 28 in 60.02s: curl: (28) Operation timed out after 60006 milliseconds with 0 bytes received

      [!] Connection timeout/drop. Retrying (attempt 7/8) in 5s...
      [API] Looping curl subprocess to Minimax (Attempt 8/8)...
      [API] Looping curl subprocess to Minimax (Attempt 8/8)...
      [!] Curl returned code 28 in 60.02s: curl: (28) Operation timed out after 60002 milliseconds with 0 bytes received

      [!] Connection timeout/drop. Retrying (attempt 7/8) in 5s...
      [API] Looping curl subprocess to Minimax (Attempt 8/8)...
      [!] Curl returned code 28 in 60.02s: curl: (28) Operation timed out after 60005 milliseconds with 0 bytes received

      [!] Connection timeout/drop. Retrying (attempt 3/8) in 5s...
      [API] Looping curl subprocess to Minimax (Attempt 4/8)...
      [!] Curl returned code 28 in 60.01s: curl: (28) Operation timed out after 60000 milliseconds with 0 bytes received

  [!] Minimax subprocess Error: Curl failed: curl: (28) Operation timed out after 60000 milliseconds with 0 bytes received

  [!] Error processing ielts-r-0168.json: Curl failed: curl: (28) Operation timed out after 60000 milliseconds with 0 bytes received

  [>] Started ielts-r-0170.json
  [-] Skipping ielts-r-0170.json, already processed.
  [>] Started ielts-r-0171.json
  [-] Skipping ielts-r-0171.json, already processed.
  [>] Started ielts-r-0172.json
  [-] Skipping ielts-r-0172.json, already processed.
  [>] Started ielts-r-0173.json
  [-] Skipping ielts-r-0173.json, already processed.
  [>] Started ielts-r-0174.json
  [ielts-r-0174] Extracted 2 pages.
    [Stage 1] Cleaning passage text...
      [API] Looping curl subprocess to Minimax (Attempt 1/8)...
      [!] Curl returned code 28 in 60.01s: curl: (28) Operation timed out after 60002 milliseconds with 0 bytes received

  [!] Minimax subprocess Error: Curl failed: curl: (28) Operation timed out after 60002 milliseconds with 0 bytes received

  [!] Error processing ielts-r-0149.json: Curl failed: curl: (28) Operation timed out after 60002 milliseconds with 0 bytes received

  [>] Started ielts-r-0175.json
  [-] Skipping ielts-r-0175.json, already processed.
  [>] Started ielts-r-0176.json
  [-] Skipping ielts-r-0176.json, already processed.
  [>] Started ielts-r-0177.json
  [-] Skipping ielts-r-0177.json, already processed.
  [>] Started ielts-r-0178.json
  [-] Skipping ielts-r-0178.json, already processed.
  [>] Started ielts-r-0179.json
  [-] Skipping ielts-r-0179.json, already processed.
  [>] Started ielts-r-0180.json
  [-] Skipping ielts-r-0180.json, already processed.
  [>] Started ielts-r-0181.json
  [-] Skipping ielts-r-0181.json, already processed.
  [>] Started ielts-r-0182.json
  [-] Skipping ielts-r-0182.json, already processed.
  [>] Started ielts-r-0183.json
  [-] Skipping ielts-r-0183.json, already processed.
  [>] Started ielts-r-0184.json
  [-] Skipping ielts-r-0184.json, already processed.
  [>] Started ielts-r-0185.json
  [-] Skipping ielts-r-0185.json, already processed.
  [>] Started ielts-r-0186.json
      [!] Curl returned code 28 in 60.01s: curl: (28) Operation timed out after 60004 milliseconds with 0 bytes received

  [!] Minimax subprocess Error: Curl failed: curl: (28) Operation timed out after 60004 milliseconds with 0 bytes received
  [ielts-r-0186] Extracted 2 pages.

    [Stage 1] Cleaning passage text...
  [!] Error processing ielts-r-0070.json: Curl failed: curl: (28) Operation timed out after 60004 milliseconds with 0 bytes received
      [API] Looping curl subprocess to Minimax (Attempt 1/8)...

  [>] Started ielts-r-0187.json
  [ielts-r-0187] Extracted 2 pages.
    [Stage 1] Cleaning passage text...
      [API] Looping curl subprocess to Minimax (Attempt 1/8)...
      [!] Curl returned code 28 in 60.01s: curl: (28) Operation timed out after 60001 milliseconds with 0 bytes received

  [!] Minimax subprocess Error: Curl failed: curl: (28) Operation timed out after 60001 milliseconds with 0 bytes received

  [!] Error processing ielts-r-0153.json: Curl failed: curl: (28) Operation timed out after 60001 milliseconds with 0 bytes received

  [>] Started ielts-r-0188.json
  [-] Skipping ielts-r-0188.json, already processed.
  [>] Started ielts-r-0189.json
  [-] Skipping ielts-r-0189.json, already processed.
  [>] Started ielts-r-0190.json
  [-] Skipping ielts-r-0190.json, already processed.
  [>] Started ielts-r-0191.json
  [-] Skipping ielts-r-0191.json, already processed.
  [>] Started ielts-r-0192.json
  [-] Skipping ielts-r-0192.json, already processed.
  [>] Started ielts-r-0193.json
  [ielts-r-0193] Extracted 2 pages.
    [Stage 1] Cleaning passage text...
      [API] Looping curl subprocess to Minimax (Attempt 1/8)...
      [!] Curl returned code 28 in 60.02s: curl: (28) Operation timed out after 60003 milliseconds with 0 bytes received

      [!] Connection timeout/drop. Retrying (attempt 4/8) in 5s...
      [API] Minimax responded via curl in 36.24s.
    [Stage 2] Structuring questions and pairing answers...
      [API] Looping curl subprocess to Minimax (Attempt 1/8)...
      [API] Looping curl subprocess to Minimax (Attempt 5/8)...
      [API] Minimax responded via curl in 34.35s.
    [Stage 2] Structuring questions and pairing answers...
      [API] Looping curl subprocess to Minimax (Attempt 1/8)...
      [API] Minimax responded via curl in 37.47s.
    [Stage 2] Structuring questions and pairing answers...
      [API] Looping curl subprocess to Minimax (Attempt 1/8)...
      [API] Minimax responded via curl in 40.76s.
    [Stage 2] Structuring questions and pairing answers...
      [API] Looping curl subprocess to Minimax (Attempt 1/8)...
      [!] Curl returned code 28 in 60.02s: curl: (28) Operation timed out after 60005 milliseconds with 0 bytes received

      [!] Connection timeout/drop. Retrying (attempt 1/8) in 5s...
      [API] Minimax responded via curl in 59.95s.
  [+] Success ielts-r-0169.json
  [>] Started ielts-r-0194.json
  [ielts-r-0194] Extracted 2 pages.
    [Stage 1] Cleaning passage text...
      [API] Looping curl subprocess to Minimax (Attempt 1/8)...
      [API] Looping curl subprocess to Minimax (Attempt 2/8)...
      [!] Curl returned code 28 in 60.02s: curl: (28) Operation timed out after 60006 milliseconds with 0 bytes received

      [!] Connection timeout/drop. Retrying (attempt 1/8) in 5s...
      [!] Curl returned code 28 in 60.02s: curl: (28) Operation timed out after 60003 milliseconds with 0 bytes received

      [!] Connection timeout/drop. Retrying (attempt 1/8) in 5s...
      [API] Looping curl subprocess to Minimax (Attempt 2/8)...
      [API] Looping curl subprocess to Minimax (Attempt 2/8)...
      [!] Curl returned code 28 in 60.02s: curl: (28) Operation timed out after 60003 milliseconds with 0 bytes received

      [!] Connection timeout/drop. Retrying (attempt 1/8) in 5s...
      [API] Looping curl subprocess to Minimax (Attempt 2/8)...
      [API] Minimax responded via curl in 39.32s.
  [!] JSON Decode Error. Raw string length: 6960
  [!] Error processing ielts-r-0194.json: Invalid JSON: Expecting ',' delimiter: line 39 column 732 (char 6947). Raw: {
  "title": "Grimm’s Fairy Tales",
  "has_paragraph_labels": false,
  "paragraphs": [
    {
      "label": null,
      "content": "The Brothers Grimm, Jacob and Wilhelm, named their story collection Children’s and Household Tales and published the first of its seven editions in Germany in 1812. The table of contents reads like an A-list of fairy-tale celebrities: Cinderella, Sleeping Beauty, Snow White, Little Red Riding Hood, Rapunzel, Rumpelstiltskin, Hansel and Gretel, the Frog King. Drawn m..., symbolized by witches, heartless stepmothers, and hungry wolves, children find they can master their anxieties. Bettelheim’s theory continues to be hotly debated. But most young readers aren’t interested in exercising their unconsciousness. The Grimm tales, in fact, please in an infinite number of ways, something about them seems to mirror whatever moods or interests we bring to our reading of them. The flexibility of interpretation suits them for almost any time and any culture.""
    }
  ]
}
  [>] Started ielts-r-0195.json
  [-] Skipping ielts-r-0195.json, already processed.
  [>] Started ielts-r-0196.json
  [-] Skipping ielts-r-0196.json, already processed.
  [>] Started ielts-r-0197.json
  [-] Skipping ielts-r-0197.json, already processed.
  [>] Started ielts-r-0198.json
  [-] Skipping ielts-r-0198.json, already processed.
  [>] Started ielts-r-0199.json
  [-] Skipping ielts-r-0199.json, already processed.
  [>] Started ielts-r-0200.json
  [ielts-r-0200] Extracted 2 pages.
    [Stage 1] Cleaning passage text...
      [API] Looping curl subprocess to Minimax (Attempt 1/8)...
      [!] Curl returned code 28 in 60.03s: curl: (28) Operation timed out after 60001 milliseconds with 0 bytes received

      [!] Connection timeout/drop. Retrying (attempt 2/8) in 5s...
      [API] Looping curl subprocess to Minimax (Attempt 3/8)...
      [API] Minimax responded via curl in 30.79s.
    [Stage 2] Structuring questions and pairing answers...
      [API] Looping curl subprocess to Minimax (Attempt 1/8)...
      [API] Minimax responded via curl in 59.99s.
  [+] Success ielts-r-0187.json
  [>] Started ielts-r-0201.json
  [-] Skipping ielts-r-0201.json, already processed.
  [>] Started ielts-r-0202.json
  [-] Skipping ielts-r-0202.json, already processed.
  [>] Started ielts-r-0203.json
  [-] Skipping ielts-r-0203.json, already processed.
  [>] Started ielts-r-0204.json
  [-] Skipping ielts-r-0204.json, already processed.
  [>] Started ielts-r-0205.json
  [-] Skipping ielts-r-0205.json, already processed.
  [>] Started ielts-r-0206.json
  [-] Skipping ielts-r-0206.json, already processed.
  [>] Started ielts-r-0207.json
  [-] Skipping ielts-r-0207.json, already processed.
  [>] Started ielts-r-0208.json
  [-] Skipping ielts-r-0208.json, already processed.
  [>] Started ielts-r-0209.json
  [-] Skipping ielts-r-0209.json, already processed.
  [>] Started ielts-r-0210.json
  [-] Skipping ielts-r-0210.json, already processed.
  [>] Started ielts-r-0211.json
  [-] Skipping ielts-r-0211.json, already processed.
  [>] Started ielts-r-0212.json
  [-] Skipping ielts-r-0212.json, already processed.
  [>] Started ielts-r-0213.json
  [-] Skipping ielts-r-0213.json, already processed.
  [>] Started ielts-r-0214.json
  [-] Skipping ielts-r-0214.json, already processed.
  [>] Started ielts-r-0215.json
  [-] Skipping ielts-r-0215.json, already processed.
  [>] Started ielts-r-0216.json
  [-] Skipping ielts-r-0216.json, already processed.
  [>] Started ielts-r-0217.json
  [-] Skipping ielts-r-0217.json, already processed.
  [>] Started ielts-r-0218.json
  [ielts-r-0218] Extracted 2 pages.
    [Stage 1] Cleaning passage text...
      [API] Looping curl subprocess to Minimax (Attempt 1/8)...
      [API] Minimax responded via curl in 58.74s.
  [+] Success ielts-r-0186.json
  [>] Started ielts-r-0219.json
  [-] Skipping ielts-r-0219.json, already processed.
  [>] Started ielts-r-0220.json
  [-] Skipping ielts-r-0220.json, already processed.
  [>] Started ielts-r-0221.json
  [ielts-r-0221] Extracted 2 pages.
    [Stage 1] Cleaning passage text...
      [API] Looping curl subprocess to Minimax (Attempt 1/8)...
      [API] Minimax responded via curl in 53.05s.
  [+] Success ielts-r-0193.json
  [>] Started ielts-r-0222.json
  [-] Skipping ielts-r-0222.json, already processed.
  [>] Started ielts-r-0223.json
  [-] Skipping ielts-r-0223.json, already processed.
  [>] Started ielts-r-0224.json
  [-] Skipping ielts-r-0224.json, already processed.
  [>] Started ielts-r-0225.json
  [-] Skipping ielts-r-0225.json, already processed.
  [>] Started ielts-r-0226.json
  [-] Skipping ielts-r-0226.json, already processed.
  [>] Started ielts-r-0227.json
  [ielts-r-0227] Extracted 2 pages.
    [Stage 1] Cleaning passage text...
      [API] Looping curl subprocess to Minimax (Attempt 1/8)...
      [API] Minimax responded via curl in 21.82s.
    [Stage 2] Structuring questions and pairing answers...
      [API] Looping curl subprocess to Minimax (Attempt 1/8)...
      [API] Minimax responded via curl in 34.24s.
    [Stage 2] Structuring questions and pairing answers...
      [API] Looping curl subprocess to Minimax (Attempt 1/8)...
      [API] Minimax responded via curl in 38.04s.
    [Stage 2] Structuring questions and pairing answers...
      [API] Looping curl subprocess to Minimax (Attempt 1/8)...
      [!] Curl returned code 28 in 60.03s: curl: (28) Operation timed out after 60005 milliseconds with 0 bytes received

      [!] Connection timeout/drop. Retrying (attempt 3/8) in 5s...
      [!] Curl returned code 28 in 60.03s: curl: (28) Operation timed out after 60004 milliseconds with 0 bytes received

      [!] Connection timeout/drop. Retrying (attempt 1/8) in 5s...
      [API] Looping curl subprocess to Minimax (Attempt 4/8)...
      [API] Looping curl subprocess to Minimax (Attempt 2/8)...
      [!] Curl returned code 28 in 60.03s: curl: (28) Operation timed out after 60003 milliseconds with 0 bytes received

      [!] Connection timeout/drop. Retrying (attempt 1/8) in 5s...
      [API] Looping curl subprocess to Minimax (Attempt 2/8)...
      [!] Curl returned code 28 in 60.02s: curl: (28) Operation timed out after 60003 milliseconds with 0 bytes received

      [!] Connection timeout/drop. Retrying (attempt 1/8) in 5s...
      [API] Looping curl subprocess to Minimax (Attempt 2/8)...
      [!] Curl returned code 28 in 60.03s: curl: (28) Operation timed out after 60006 milliseconds with 0 bytes received

      [!] Connection timeout/drop. Retrying (attempt 1/8) in 5s...
      [API] Looping curl subprocess to Minimax (Attempt 2/8)...
      [!] Curl returned code 28 in 60.03s: curl: (28) Operation timed out after 60006 milliseconds with 0 bytes received

      [!] Connection timeout/drop. Retrying (attempt 4/8) in 5s...
      [!] Curl returned code 28 in 60.02s: curl: (28) Operation timed out after 60001 milliseconds with 0 bytes received

      [!] Connection timeout/drop. Retrying (attempt 2/8) in 5s...
      [API] Looping curl subprocess to Minimax (Attempt 5/8)...
      [API] Looping curl subprocess to Minimax (Attempt 3/8)...
      [!] Curl returned code 28 in 60.03s: curl: (28) Operation timed out after 60005 milliseconds with 0 bytes received

      [!] Connection timeout/drop. Retrying (attempt 2/8) in 5s...
      [API] Looping curl subprocess to Minimax (Attempt 3/8)...
      [!] Curl returned code 28 in 60.02s: curl: (28) Operation timed out after 60000 milliseconds with 0 bytes received

      [!] Connection timeout/drop. Retrying (attempt 2/8) in 5s...
      [API] Looping curl subprocess to Minimax (Attempt 3/8)...
      [!] Curl returned code 28 in 60.03s: curl: (28) Operation timed out after 60005 milliseconds with 0 bytes received

      [!] Connection timeout/drop. Retrying (attempt 2/8) in 5s...
      [API] Looping curl subprocess to Minimax (Attempt 3/8)...
      [API] Minimax responded via curl in 53.27s.
  [+] Success ielts-r-0200.json
  [>] Started ielts-r-0228.json
  [-] Skipping ielts-r-0228.json, already processed.
  [>] Started ielts-r-0229.json
  [-] Skipping ielts-r-0229.json, already processed.
  [>] Started ielts-r-0230.json
  [-] Skipping ielts-r-0230.json, already processed.
  [>] Started ielts-r-0231.json
  [-] Skipping ielts-r-0231.json, already processed.
  [>] Started ielts-r-0232.json
  [-] Skipping ielts-r-0232.json, already processed.
  [>] Started ielts-r-0233.json
  [ielts-r-0233] Extracted 2 pages.
    [Stage 1] Cleaning passage text...
      [API] Looping curl subprocess to Minimax (Attempt 1/8)...
      [!] Curl returned code 28 in 60.03s: curl: (28) Operation timed out after 60003 milliseconds with 0 bytes received

      [!] Connection timeout/drop. Retrying (attempt 5/8) in 5s...
      [API] Looping curl subprocess to Minimax (Attempt 6/8)...
      [!] Curl returned code 28 in 60.03s: curl: (28) Operation timed out after 60006 milliseconds with 0 bytes received

      [!] Connection timeout/drop. Retrying (attempt 3/8) in 5s...
      [API] Looping curl subprocess to Minimax (Attempt 4/8)...
      [API] Minimax responded via curl in 36.25s.
    [Stage 2] Structuring questions and pairing answers...
      [API] Looping curl subprocess to Minimax (Attempt 1/8)...
      [!] Curl returned code 28 in 60.02s: curl: (28) Operation timed out after 60003 milliseconds with 0 bytes received

      [!] Connection timeout/drop. Retrying (attempt 3/8) in 5s...
      [API] Looping curl subprocess to Minimax (Attempt 4/8)...
      [!] Curl returned code 28 in 60.02s: curl: (28) Operation timed out after 60006 milliseconds with 0 bytes received

      [!] Connection timeout/drop. Retrying (attempt 3/8) in 5s...
      [API] Looping curl subprocess to Minimax (Attempt 4/8)...
      [API] Minimax responded via curl in 27.29s.
  [+] Success ielts-r-0233.json
  [>] Started ielts-r-0234.json
  [-] Skipping ielts-r-0234.json, already processed.
  [>] Started ielts-r-0235.json
  [-] Skipping ielts-r-0235.json, already processed.
  [>] Started ielts-r-0236.json
  [-] Skipping ielts-r-0236.json, already processed.
  [>] Started ielts-r-0237.json
  [-] Skipping ielts-r-0237.json, already processed.
  [>] Started ielts-r-0238.json
  [-] Skipping ielts-r-0238.json, already processed.
  [>] Started ielts-r-0239.json
  [-] Skipping ielts-r-0239.json, already processed.
  [>] Started ielts-r-0240.json
  [-] Skipping ielts-r-0240.json, already processed.
  [>] Started ielts-r-0241.json
  [ielts-r-0241] Extracted 2 pages.
    [Stage 1] Cleaning passage text...
      [API] Looping curl subprocess to Minimax (Attempt 1/8)...
      [!] Curl returned code 28 in 60.02s: curl: (28) Operation timed out after 60002 milliseconds with 0 bytes received

      [!] Connection timeout/drop. Retrying (attempt 6/8) in 5s...
      [API] Looping curl subprocess to Minimax (Attempt 7/8)...
      [!] Curl returned code 28 in 60.03s: curl: (28) Operation timed out after 60004 milliseconds with 0 bytes received

      [!] Connection timeout/drop. Retrying (attempt 4/8) in 5s...
      [API] Minimax responded via curl in 33.95s.
  [!] JSON Decode Error. Raw string length: 5575
  [!] Error processing ielts-r-0241.json: Invalid JSON: Expecting ',' delimiter: line 35 column 245 (char 5150). Raw: {
  "title": "Keep taking the tablets",
  "has_paragraph_labels": false,
  "paragraphs": [
    {
      "label": null,
      "content": "The history of aspirin is a product of a rollercoaster ride through time, of accidental discoveries, intuitive reasoning and intense corporate rivalry. In the opening pages of Aspirin: The Remarkable Story of a Wonder Drug, Diarmuid Jeffreys describes this little white pill as 'one of the most amazing creations in medical history, a drug so astonishingly versati...l trials, says Jeffreys. 'If I were the Department of Health, I would say "this is a very inexpensive drug. There may be a lot of other things we could do with it." We should put a lot more money into trying to find out.'"
    },
    {
      "label": null,
      "content": "Jeffreys' book, which not only tells the tale of a 'wonder drug' but also explores the nature of innovation and the role of big business, public money and regulation, reminds us why such research is so important."
    }
  ]
}
  [>] Started ielts-r-0242.json
  [-] Skipping ielts-r-0242.json, already processed.
  [>] Started ielts-r-0243.json
  [-] Skipping ielts-r-0243.json, already processed.
  [>] Started ielts-r-0244.json
  [-] Skipping ielts-r-0244.json, already processed.
  [>] Started ielts-r-0245.json
  [-] Skipping ielts-r-0245.json, already processed.
  [>] Started ielts-r-0246.json
  [-] Skipping ielts-r-0246.json, already processed.
  [>] Started ielts-r-0247.json
  [-] Skipping ielts-r-0247.json, already processed.
  [>] Started ielts-r-0248.json
  [-] Skipping ielts-r-0248.json, already processed.
  [>] Started ielts-r-0249.json
  [-] Skipping ielts-r-0249.json, already processed.
  [>] Started ielts-r-0250.json
  [-] Skipping ielts-r-0250.json, already processed.
  [>] Started ielts-r-0251.json
  [-] Skipping ielts-r-0251.json, already processed.
  [>] Started ielts-r-0252.json
  [-] Skipping ielts-r-0252.json, already processed.
  [>] Started ielts-r-0253.json
  [-] Skipping ielts-r-0253.json, already processed.
  [>] Started ielts-r-0254.json
  [-] Skipping ielts-r-0254.json, already processed.
  [>] Started ielts-r-0255.json
  [-] Skipping ielts-r-0255.json, already processed.
  [>] Started ielts-r-0256.json
  [-] Skipping ielts-r-0256.json, already processed.
  [>] Started ielts-r-0257.json
  [-] Skipping ielts-r-0257.json, already processed.
  [>] Started ielts-r-0258.json
  [ielts-r-0258] Extracted 2 pages.
    [Stage 1] Cleaning passage text...
      [API] Looping curl subprocess to Minimax (Attempt 1/8)...
      [API] Looping curl subprocess to Minimax (Attempt 5/8)...
      [!] Curl returned code 28 in 60.03s: curl: (28) Operation timed out after 60002 milliseconds with 0 bytes received

      [!] Connection timeout/drop. Retrying (attempt 4/8) in 5s...
      [API] Looping curl subprocess to Minimax (Attempt 5/8)...
      [!] Curl returned code 28 in 60.03s: curl: (28) Operation timed out after 60003 milliseconds with 0 bytes received

      [!] Connection timeout/drop. Retrying (attempt 4/8) in 5s...
      [API] Looping curl subprocess to Minimax (Attempt 5/8)...
      [API] Minimax responded via curl in 35.32s.
    [Stage 2] Structuring questions and pairing answers...
      [API] Looping curl subprocess to Minimax (Attempt 1/8)...
      [!] Curl returned code 28 in 60.03s: curl: (28) Operation timed out after 60003 milliseconds with 0 bytes received

      [!] Connection timeout/drop. Retrying (attempt 7/8) in 5s...
      [API] Looping curl subprocess to Minimax (Attempt 8/8)...
      [!] Curl returned code 28 in 60.02s: curl: (28) Operation timed out after 60005 milliseconds with 0 bytes received

      [!] Connection timeout/drop. Retrying (attempt 5/8) in 5s...
      [API] Looping curl subprocess to Minimax (Attempt 6/8)...
      [!] Curl returned code 28 in 60.03s: curl: (28) Operation timed out after 60004 milliseconds with 0 bytes received

      [!] Connection timeout/drop. Retrying (attempt 5/8) in 5s...
      [API] Looping curl subprocess to Minimax (Attempt 6/8)...
      [!] Curl returned code 28 in 60.03s: curl: (28) Operation timed out after 60005 milliseconds with 0 bytes received

      [!] Connection timeout/drop. Retrying (attempt 5/8) in 5s...
      [API] Looping curl subprocess to Minimax (Attempt 6/8)...
      [!] Curl returned code 28 in 60.03s: curl: (28) Operation timed out after 60004 milliseconds with 0 bytes received

      [!] Connection timeout/drop. Retrying (attempt 1/8) in 5s...
      [API] Looping curl subprocess to Minimax (Attempt 2/8)...
      [!] Curl returned code 28 in 60.03s: curl: (28) Operation timed out after 60004 milliseconds with 0 bytes received

  [!] Minimax subprocess Error: Curl failed: curl: (28) Operation timed out after 60004 milliseconds with 0 bytes received

  [!] Error processing ielts-r-0174.json: Curl failed: curl: (28) Operation timed out after 60004 milliseconds with 0 bytes received

  [>] Started ielts-r-0259.json
  [ielts-r-0259] Extracted 2 pages.
    [Stage 1] Cleaning passage text...
      [API] Looping curl subprocess to Minimax (Attempt 1/8)...
      [!] Curl returned code 28 in 60.03s: curl: (28) Operation timed out after 60004 milliseconds with 0 bytes received

      [!] Connection timeout/drop. Retrying (attempt 6/8) in 5s...
      [API] Looping curl subprocess to Minimax (Attempt 7/8)...
      [API] Minimax responded via curl in 30.13s.
    [Stage 2] Structuring questions and pairing answers...
      [API] Looping curl subprocess to Minimax (Attempt 1/8)...
      [!] Curl returned code 28 in 60.03s: curl: (28) Operation timed out after 60004 milliseconds with 0 bytes received

      [!] Connection timeout/drop. Retrying (attempt 6/8) in 5s...
      [API] Looping curl subprocess to Minimax (Attempt 7/8)...
      [!] Curl returned code 28 in 60.03s: curl: (28) Operation timed out after 60005 milliseconds with 0 bytes received

      [!] Connection timeout/drop. Retrying (attempt 6/8) in 5s...
      [API] Looping curl subprocess to Minimax (Attempt 7/8)...
      [!] Curl returned code 28 in 60.02s: curl: (28) Operation timed out after 60004 milliseconds with 0 bytes received

      [!] Connection timeout/drop. Retrying (attempt 2/8) in 5s...
      [API] Looping curl subprocess to Minimax (Attempt 3/8)...
      [API] Minimax responded via curl in 59.66s.
  [+] Success ielts-r-0218.json
  [>] Started ielts-r-0260.json
  [-] Skipping ielts-r-0260.json, already processed.
  [>] Started ielts-r-0261.json
  [-] Skipping ielts-r-0261.json, already processed.
  [>] Started ielts-r-0262.json
  [-] Skipping ielts-r-0262.json, already processed.
  [>] Started ielts-r-0263.json
  [-] Skipping ielts-r-0263.json, already processed.
  [>] Started ielts-r-0264.json
  [-] Skipping ielts-r-0264.json, already processed.
  [>] Started ielts-r-0265.json
  [-] Skipping ielts-r-0265.json, already processed.
  [>] Started ielts-r-0266.json
  [-] Skipping ielts-r-0266.json, already processed.
  [>] Started ielts-r-0267.json
  [-] Skipping ielts-r-0267.json, already processed.
  [>] Started ielts-r-0268.json
  [ielts-r-0268] Extracted 2 pages.
    [Stage 1] Cleaning passage text...
      [API] Looping curl subprocess to Minimax (Attempt 1/8)...
      [!] Curl returned code 28 in 60.02s: curl: (28) Operation timed out after 60002 milliseconds with 0 bytes received

      [!] Connection timeout/drop. Retrying (attempt 1/8) in 5s...
      [API] Looping curl subprocess to Minimax (Attempt 2/8)...
      [!] Curl returned code 28 in 60.02s: curl: (28) Operation timed out after 60005 milliseconds with 0 bytes received

      [!] Connection timeout/drop. Retrying (attempt 7/8) in 5s...
      [API] Looping curl subprocess to Minimax (Attempt 8/8)...
      [!] Curl returned code 28 in 60.03s: curl: (28) Operation timed out after 60003 milliseconds with 0 bytes received

      [!] Connection timeout/drop. Retrying (attempt 7/8) in 5s...
      [API] Looping curl subprocess to Minimax (Attempt 8/8)...
      [!] Curl returned code 28 in 60.03s: curl: (28) Operation timed out after 60003 milliseconds with 0 bytes received

      [!] Connection timeout/drop. Retrying (attempt 3/8) in 5s...
      [API] Looping curl subprocess to Minimax (Attempt 4/8)...
      [API] Minimax responded via curl in 50.60s.
    [Stage 2] Structuring questions and pairing answers...
      [API] Looping curl subprocess to Minimax (Attempt 1/8)...
      [!] Curl returned code 28 in 60.02s: curl: (28) Operation timed out after 60004 milliseconds with 0 bytes received

      [!] Connection timeout/drop. Retrying (attempt 2/8) in 5s...
      [API] Looping curl subprocess to Minimax (Attempt 3/8)...
      [!] Curl returned code 28 in 60.03s: curl: (28) Operation timed out after 60004 milliseconds with 0 bytes received

  [!] Minimax subprocess Error: Curl failed: curl: (28) Operation timed out after 60004 milliseconds with 0 bytes received

  [!] Error processing ielts-r-0221.json: Curl failed: curl: (28) Operation timed out after 60004 milliseconds with 0 bytes received

  [>] Started ielts-r-0269.json
  [-] Skipping ielts-r-0269.json, already processed.
  [>] Started ielts-r-0270.json
  [-] Skipping ielts-r-0270.json, already processed.
  [>] Started ielts-r-0271.json
  [-] Skipping ielts-r-0271.json, already processed.
  [>] Started ielts-r-0272.json
  [-] Skipping ielts-r-0272.json, already processed.
  [>] Started ielts-r-0273.json
  [-] Skipping ielts-r-0273.json, already processed.
  [>] Started ielts-r-0274.json
  [-] Skipping ielts-r-0274.json, already processed.
  [>] Started ielts-r-0275.json
  [-] Skipping ielts-r-0275.json, already processed.
  [>] Started ielts-r-0276.json
  [-] Skipping ielts-r-0276.json, already processed.
  [>] Started ielts-r-0277.json
  [-] Skipping ielts-r-0277.json, already processed.
  [>] Started ielts-r-0278.json
  [-] Skipping ielts-r-0278.json, already processed.
  [>] Started ielts-r-0279.json
  [ielts-r-0279] Extracted 2 pages.
    [Stage 1] Cleaning passage text...
      [API] Looping curl subprocess to Minimax (Attempt 1/8)...
      [!] Curl returned code 28 in 60.03s: curl: (28) Operation timed out after 60004 milliseconds with 0 bytes received

  [!] Minimax subprocess Error: Curl failed: curl: (28) Operation timed out after 60004 milliseconds with 0 bytes received

  [!] Error processing ielts-r-0227.json: Curl failed: curl: (28) Operation timed out after 60004 milliseconds with 0 bytes received

  [>] Started ielts-r-0280.json
  [-] Skipping ielts-r-0280.json, already processed.
  [>] Started ielts-r-0281.json
  [ielts-r-0281] Extracted 2 pages.
    [Stage 1] Cleaning passage text...
      [API] Looping curl subprocess to Minimax (Attempt 1/8)...
      [!] Curl returned code 28 in 60.03s: curl: (28) Operation timed out after 60004 milliseconds with 0 bytes received

      [!] Connection timeout/drop. Retrying (attempt 4/8) in 5s...
      [API] Looping curl subprocess to Minimax (Attempt 5/8)...
      [API] Minimax responded via curl in 29.48s.
    [Stage 2] Structuring questions and pairing answers...
      [API] Looping curl subprocess to Minimax (Attempt 1/8)...
      [!] Curl returned code 28 in 60.02s: curl: (28) Operation timed out after 60006 milliseconds with 0 bytes received

      [!] Connection timeout/drop. Retrying (attempt 1/8) in 5s...
      [API] Looping curl subprocess to Minimax (Attempt 2/8)...
      [API] Minimax responded via curl in 30.60s.
    [Stage 2] Structuring questions and pairing answers...
      [API] Looping curl subprocess to Minimax (Attempt 1/8)...
      [API] Minimax responded via curl in 59.95s.
  [+] Success ielts-r-0259.json
  [>] Started ielts-r-0282.json
  [-] Skipping ielts-r-0282.json, already processed.
  [>] Started ielts-r-0283.json
  [-] Skipping ielts-r-0283.json, already processed.
  [>] Started ielts-r-0284.json
  [-] Skipping ielts-r-0284.json, already processed.
  [>] Started ielts-r-0285.json
  [-] Skipping ielts-r-0285.json, already processed.
  [>] Started ielts-r-0286.json
  [-] Skipping ielts-r-0286.json, already processed.
  [>] Started ielts-r-0287.json
  [-] Skipping ielts-r-0287.json, already processed.
  [>] Started ielts-r-0288.json
  [-] Skipping ielts-r-0288.json, already processed.
  [>] Started ielts-r-0289.json
  [-] Skipping ielts-r-0289.json, already processed.
  [>] Started ielts-r-0290.json
  [-] Skipping ielts-r-0290.json, already processed.
  [>] Started ielts-r-0291.json
  [ielts-r-0291] Extracted 2 pages.
    [Stage 1] Cleaning passage text...
      [API] Looping curl subprocess to Minimax (Attempt 1/8)...
      [!] Curl returned code 28 in 60.02s: curl: (28) Operation timed out after 60002 milliseconds with 0 bytes received

      [!] Connection timeout/drop. Retrying (attempt 5/8) in 5s...
      [API] Minimax responded via curl in 33.73s.
  [!] JSON Decode Error. Raw string length: 5578
  [!] Error processing ielts-r-0291.json: Invalid JSON: Expecting ',' delimiter: line 23 column 466 (char 2930). Raw: {
  "title": "Moles happy as homes go underground",
  "has_paragraph_labels": true,
  "paragraphs": [
    {
      "label": "A",
      "content": "The first anybody knew about Dutchman Frank Siegmunds and his family was when workmen t through a field found a narrow steel chimney protruding through the grass. Closer inspection revealed a sky-light window among the thistles, and when amazed investigators moved down the side of the hill, they came across a pine door complete with leaded diamond glas...Frank Siegmund and his family love their hobbit lifestyle. Their home evolved when he dug out a room for his bakery business in a hill he had created. During a heatwave they took to sleeping there. “It’s so peaceful and so close to nature,” he says. “Gradually I began adding to the rooms. It sounds strange, but being so close to the earth we draw strength from its vibrations. Our children love it; not every child can boast of being watched through their playroom windows by rabbits.""
    }
  ]
}
  [>] Started ielts-r-0292.json
  [-] Skipping ielts-r-0292.json, already processed.
  [>] Started ielts-r-0293.json
  [-] Skipping ielts-r-0293.json, already processed.
  [>] Started ielts-r-0294.json
  [-] Skipping ielts-r-0294.json, already processed.
  [>] Started ielts-r-0295.json
  [-] Skipping ielts-r-0295.json, already processed.
  [>] Started ielts-r-0296.json
  [-] Skipping ielts-r-0296.json, already processed.
  [>] Started ielts-r-0297.json
  [-] Skipping ielts-r-0297.json, already processed.
  [>] Started ielts-r-0298.json
  [-] Skipping ielts-r-0298.json, already processed.
  [>] Started ielts-r-0299.json
  [-] Skipping ielts-r-0299.json, already processed.
  [>] Started ielts-r-0300.json
  [-] Skipping ielts-r-0300.json, already processed.
  [>] Started ielts-r-0301.json
  [-] Skipping ielts-r-0301.json, already processed.
  [>] Started ielts-r-0302.json
  [-] Skipping ielts-r-0302.json, already processed.
  [>] Started ielts-r-0303.json
  [-] Skipping ielts-r-0303.json, already processed.
  [>] Started ielts-r-0304.json
  [-] Skipping ielts-r-0304.json, already processed.
  [>] Started ielts-r-0305.json
  [-] Skipping ielts-r-0305.json, already processed.
  [>] Started ielts-r-0306.json
  [-] Skipping ielts-r-0306.json, already processed.
  [>] Started ielts-r-0307.json
  [-] Skipping ielts-r-0307.json, already processed.
  [>] Started ielts-r-0308.json
  [-] Skipping ielts-r-0308.json, already processed.
  [>] Started ielts-r-0309.json
  [-] Skipping ielts-r-0309.json, already processed.
  [>] Started ielts-r-0310.json
  [-] Skipping ielts-r-0310.json, already processed.
  [>] Started ielts-r-0311.json
  [-] Skipping ielts-r-0311.json, already processed.
  [>] Started ielts-r-0312.json
  [-] Skipping ielts-r-0312.json, already processed.
  [>] Started ielts-r-0313.json
  [-] Skipping ielts-r-0313.json, already processed.
  [>] Started ielts-r-0314.json
  [-] Skipping ielts-r-0314.json, already processed.
  [>] Started ielts-r-0315.json
  [-] Skipping ielts-r-0315.json, already processed.
  [>] Started ielts-r-0316.json
  [-] Skipping ielts-r-0316.json, already processed.
  [>] Started ielts-r-0317.json
  [-] Skipping ielts-r-0317.json, already processed.
  [>] Started ielts-r-0318.json
  [-] Skipping ielts-r-0318.json, already processed.
  [>] Started ielts-r-0319.json
  [-] Skipping ielts-r-0319.json, already processed.
  [>] Started ielts-r-0320.json
  [-] Skipping ielts-r-0320.json, already processed.
  [>] Started ielts-r-0321.json
  [-] Skipping ielts-r-0321.json, already processed.
  [>] Started ielts-r-0322.json
  [-] Skipping ielts-r-0322.json, already processed.
  [>] Started ielts-r-0323.json
  [-] Skipping ielts-r-0323.json, already processed.
  [>] Started ielts-r-0324.json
  [-] Skipping ielts-r-0324.json, already processed.
  [>] Started ielts-r-0325.json
  [ielts-r-0325] Extracted 2 pages.
    [Stage 1] Cleaning passage text...
      [API] Looping curl subprocess to Minimax (Attempt 1/8)...
      [API] Looping curl subprocess to Minimax (Attempt 6/8)...
      [!] Curl returned code 28 in 60.03s: curl: (28) Operation timed out after 60001 milliseconds with 0 bytes received

      [!] Connection timeout/drop. Retrying (attempt 1/8) in 5s...
      [API] Looping curl subprocess to Minimax (Attempt 2/8)...
      [!] Curl returned code 28 in 60.03s: curl: (28) Operation timed out after 60006 milliseconds with 0 bytes received

      [!] Connection timeout/drop. Retrying (attempt 2/8) in 5s...
      [!] Curl returned code 28 in 60.03s: curl: (28) Operation timed out after 60004 milliseconds with 0 bytes received

      [!] Connection timeout/drop. Retrying (attempt 1/8) in 5s...
      [API] Looping curl subprocess to Minimax (Attempt 3/8)...
      [API] Looping curl subprocess to Minimax (Attempt 2/8)...
      [API] Minimax responded via curl in 30.74s.
    [Stage 2] Structuring questions and pairing answers...
      [API] Looping curl subprocess to Minimax (Attempt 1/8)...
      [!] Curl returned code 28 in 60.03s: curl: (28) Operation timed out after 60006 milliseconds with 0 bytes received

      [!] Connection timeout/drop. Retrying (attempt 6/8) in 5s...
      [API] Looping curl subprocess to Minimax (Attempt 7/8)...
      [!] Curl returned code 28 in 60.03s: curl: (28) Operation timed out after 60003 milliseconds with 0 bytes received

      [!] Connection timeout/drop. Retrying (attempt 2/8) in 5s...
      [API] Looping curl subprocess to Minimax (Attempt 3/8)...
      [!] Curl returned code 28 in 60.03s: curl: (28) Operation timed out after 60003 milliseconds with 0 bytes received

      [!] Connection timeout/drop. Retrying (attempt 3/8) in 5s...
      [!] Curl returned code 28 in 60.03s: curl: (28) Operation timed out after 60004 milliseconds with 0 bytes received

      [!] Connection timeout/drop. Retrying (attempt 2/8) in 5s...
      [API] Looping curl subprocess to Minimax (Attempt 4/8)...
      [API] Looping curl subprocess to Minimax (Attempt 3/8)...
      [!] Curl returned code 28 in 60.03s: curl: (28) Operation timed out after 60003 milliseconds with 0 bytes received

      [!] Connection timeout/drop. Retrying (attempt 1/8) in 5s...
      [API] Looping curl subprocess to Minimax (Attempt 2/8)...
      [!] Curl returned code 28 in 60.03s: curl: (28) Operation timed out after 60003 milliseconds with 0 bytes received

      [!] Connection timeout/drop. Retrying (attempt 7/8) in 5s...
      [API] Looping curl subprocess to Minimax (Attempt 8/8)...
      [!] Curl returned code 28 in 60.03s: curl: (28) Operation timed out after 60006 milliseconds with 0 bytes received

      [!] Connection timeout/drop. Retrying (attempt 3/8) in 5s...
      [API] Looping curl subprocess to Minimax (Attempt 4/8)...
      [!] Curl returned code 28 in 60.03s: curl: (28) Operation timed out after 60001 milliseconds with 0 bytes received

      [!] Connection timeout/drop. Retrying (attempt 4/8) in 5s...
      [!] Curl returned code 28 in 60.03s: curl: (28) Operation timed out after 60005 milliseconds with 0 bytes received

      [!] Connection timeout/drop. Retrying (attempt 3/8) in 5s...
      [API] Looping curl subprocess to Minimax (Attempt 5/8)...
      [API] Looping curl subprocess to Minimax (Attempt 4/8)...
      [!] Curl returned code 28 in 60.03s: curl: (28) Operation timed out after 60005 milliseconds with 0 bytes received

      [!] Connection timeout/drop. Retrying (attempt 2/8) in 5s...
      [API] Looping curl subprocess to Minimax (Attempt 3/8)...
      [!] Curl returned code 28 in 60.03s: curl: (28) Operation timed out after 60003 milliseconds with 0 bytes received

  [!] Minimax subprocess Error: Curl failed: curl: (28) Operation timed out after 60003 milliseconds with 0 bytes received

  [!] Error processing ielts-r-0258.json: Curl failed: curl: (28) Operation timed out after 60003 milliseconds with 0 bytes received

  [>] Started ielts-r-0326.json
  [-] Skipping ielts-r-0326.json, already processed.
  [>] Started ielts-r-0327.json
  [-] Skipping ielts-r-0327.json, already processed.
  [>] Started ielts-r-0328.json
  [-] Skipping ielts-r-0328.json, already processed.
  [>] Started ielts-r-0329.json
  [-] Skipping ielts-r-0329.json, already processed.
  [>] Started ielts-r-0330.json
  [-] Skipping ielts-r-0330.json, already processed.
  [>] Started ielts-r-0331.json
  [-] Skipping ielts-r-0331.json, already processed.
  [>] Started ielts-r-0332.json
  [ielts-r-0332] Extracted 2 pages.
    [Stage 1] Cleaning passage text...
      [API] Looping curl subprocess to Minimax (Attempt 1/8)...
      [!] Curl returned code 28 in 60.03s: curl: (28) Operation timed out after 60006 milliseconds with 0 bytes received

      [!] Connection timeout/drop. Retrying (attempt 4/8) in 5s...
      [API] Looping curl subprocess to Minimax (Attempt 5/8)...
      [!] Curl returned code 28 in 60.03s: curl: (28) Operation timed out after 60002 milliseconds with 0 bytes received

      [!] Connection timeout/drop. Retrying (attempt 5/8) in 5s...
      [!] Curl returned code 28 in 60.03s: curl: (28) Operation timed out after 60005 milliseconds with 0 bytes received

      [!] Connection timeout/drop. Retrying (attempt 4/8) in 5s...
      [API] Looping curl subprocess to Minimax (Attempt 6/8)...
      [API] Looping curl subprocess to Minimax (Attempt 5/8)...
      [!] Curl returned code 28 in 60.03s: curl: (28) Operation timed out after 60004 milliseconds with 0 bytes received

      [!] Connection timeout/drop. Retrying (attempt 3/8) in 5s...
      [API] Looping curl subprocess to Minimax (Attempt 4/8)...
      [API] Minimax responded via curl in 35.05s.
    [Stage 2] Structuring questions and pairing answers...
      [API] Looping curl subprocess to Minimax (Attempt 1/8)...
      [!] Curl returned code 28 in 60.03s: curl: (28) Operation timed out after 60001 milliseconds with 0 bytes received

      [!] Connection timeout/drop. Retrying (attempt 5/8) in 5s...
      [API] Looping curl subprocess to Minimax (Attempt 6/8)...
      [!] Curl returned code 28 in 60.03s: curl: (28) Operation timed out after 60006 milliseconds with 0 bytes received

      [!] Connection timeout/drop. Retrying (attempt 6/8) in 5s...
      [!] Curl returned code 28 in 60.03s: curl: (28) Operation timed out after 60005 milliseconds with 0 bytes received

      [!] Connection timeout/drop. Retrying (attempt 5/8) in 5s...
      [API] Looping curl subprocess to Minimax (Attempt 7/8)...
      [API] Looping curl subprocess to Minimax (Attempt 6/8)...
      [!] Curl returned code 28 in 60.03s: curl: (28) Operation timed out after 60004 milliseconds with 0 bytes received

      [!] Connection timeout/drop. Retrying (attempt 4/8) in 5s...
      [!] Curl returned code 28 in 60.03s: curl: (28) Operation timed out after 60006 milliseconds with 0 bytes received

      [!] Connection timeout/drop. Retrying (attempt 1/8) in 5s...
      [API] Looping curl subprocess to Minimax (Attempt 5/8)...
      [API] Looping curl subprocess to Minimax (Attempt 2/8)...
