Found 651 files to process with 5 workers.
  [>] Started ielts-r-0001.json  [>] Started ielts-r-0002.json
  [>] Started ielts-r-0003.json

  [>] Started ielts-r-0004.json
  [-] Skipping ielts-r-0003.json, already processed.
  [-] Skipping ielts-r-0002.json, already processed.  [-] Skipping ielts-r-0004.json, already processed.  [>] Started ielts-r-0005.json


  [>] Started ielts-r-0007.json
  [-] Skipping ielts-r-0005.json, already processed.  [>] Started ielts-r-0006.json
  [>] Started ielts-r-0008.json  [ielts-r-0001] Extracted 2 pages.
  [>] Started ielts-r-0009.json

  [-] Skipping ielts-r-0006.json, already processed.  [-] Skipping ielts-r-0008.json, already processed.
    [Stage 1] Cleaning passage text...

  [-] Skipping ielts-r-0009.json, already processed.  [>] Started ielts-r-0010.json
  [>] Started ielts-r-0011.json


  [ielts-r-0007] Extracted 2 pages.  [>] Started ielts-r-0012.json

    [Stage 1] Cleaning passage text...  [-] Skipping ielts-r-0010.json, already processed.  [-] Skipping ielts-r-0012.json, already processed.  [-] Skipping ielts-r-0011.json, already processed.



  [>] Started ielts-r-0014.json  [>] Started ielts-r-0013.json  [>] Started ielts-r-0015.json


  [-] Skipping ielts-r-0014.json, already processed.  [-] Skipping ielts-r-0015.json, already processed.

  [-] Skipping ielts-r-0013.json, already processed.  [>] Started ielts-r-0016.json  [>] Started ielts-r-0017.json


  [>] Started ielts-r-0018.json  [-] Skipping ielts-r-0017.json, already processed.
  [-] Skipping ielts-r-0016.json, already processed.

  [>] Started ielts-r-0019.json  [-] Skipping ielts-r-0018.json, already processed.  [>] Started ielts-r-0020.json


  [-] Skipping ielts-r-0019.json, already processed.  [>] Started ielts-r-0021.json  [-] Skipping ielts-r-0020.json, already processed.
      [API] Looping curl subprocess to Minimax (Attempt 1/8)...

  [>] Started ielts-r-0022.json      [API] Looping curl subprocess to Minimax (Attempt 1/8)...


  [-] Skipping ielts-r-0021.json, already processed.  [>] Started ielts-r-0023.json  [-] Skipping ielts-r-0022.json, already processed.


  [>] Started ielts-r-0024.json  [>] Started ielts-r-0025.json
  [-] Skipping ielts-r-0023.json, already processed.

  [-] Skipping ielts-r-0025.json, already processed.  [-] Skipping ielts-r-0024.json, already processed.
  [>] Started ielts-r-0026.json  [>] Started ielts-r-0027.json


  [>] Started ielts-r-0028.json
  [-] Skipping ielts-r-0026.json, already processed.  [-] Skipping ielts-r-0027.json, already processed.
  [-] Skipping ielts-r-0028.json, already processed.
  [>] Started ielts-r-0029.json  [>] Started ielts-r-0030.json


  [>] Started ielts-r-0031.json  [-] Skipping ielts-r-0029.json, already processed.

  [-] Skipping ielts-r-0030.json, already processed.  [>] Started ielts-r-0032.json
  [>] Started ielts-r-0033.json

  [-] Skipping ielts-r-0032.json, already processed.  [-] Skipping ielts-r-0031.json, already processed.

  [>] Started ielts-r-0034.json  [-] Skipping ielts-r-0033.json, already processed.  [>] Started ielts-r-0035.json

  [-] Skipping ielts-r-0034.json, already processed.
  [-] Skipping ielts-r-0035.json, already processed.

  [>] Started ielts-r-0036.json  [>] Started ielts-r-0037.json  [>] Started ielts-r-0038.json


  [-] Skipping ielts-r-0036.json, already processed.  [-] Skipping ielts-r-0037.json, already processed.

  [-] Skipping ielts-r-0038.json, already processed.  [>] Started ielts-r-0039.json
  [>] Started ielts-r-0040.json

  [>] Started ielts-r-0041.json  [-] Skipping ielts-r-0039.json, already processed.
  [-] Skipping ielts-r-0040.json, already processed.

  [>] Started ielts-r-0042.json  [-] Skipping ielts-r-0041.json, already processed.  [>] Started ielts-r-0043.json
  [>] Started ielts-r-0044.json


  [-] Skipping ielts-r-0044.json, already processed.
  [-] Skipping ielts-r-0042.json, already processed.  [>] Started ielts-r-0045.json
  [-] Skipping ielts-r-0043.json, already processed.
  [>] Started ielts-r-0046.json  [-] Skipping ielts-r-0045.json, already processed.


  [>] Started ielts-r-0047.json
  [-] Skipping ielts-r-0046.json, already processed.
  [>] Started ielts-r-0048.json  [>] Started ielts-r-0049.json

  [-] Skipping ielts-r-0049.json, already processed.
  [-] Skipping ielts-r-0048.json, already processed.  [-] Skipping ielts-r-0047.json, already processed.  [>] Started ielts-r-0050.json

  [-] Skipping ielts-r-0050.json, already processed.
  [>] Started ielts-r-0052.json
  [>] Started ielts-r-0051.json
  [-] Skipping ielts-r-0052.json, already processed.

  [-] Skipping ielts-r-0051.json, already processed.
  [>] Started ielts-r-0053.json
  [>] Started ielts-r-0054.json  [>] Started ielts-r-0055.json

  [-] Skipping ielts-r-0054.json, already processed.  [-] Skipping ielts-r-0055.json, already processed.

  [>] Started ielts-r-0056.json  [>] Started ielts-r-0057.json

  [-] Skipping ielts-r-0056.json, already processed.
  [-] Skipping ielts-r-0057.json, already processed.  [>] Started ielts-r-0058.json

  [>] Started ielts-r-0059.json  [-] Skipping ielts-r-0058.json, already processed.

  [-] Skipping ielts-r-0059.json, already processed.  [>] Started ielts-r-0060.json

  [>] Started ielts-r-0061.json
  [-] Skipping ielts-r-0060.json, already processed.
  [>] Started ielts-r-0062.json
  [-] Skipping ielts-r-0062.json, already processed.
  [>] Started ielts-r-0063.json
  [ielts-r-0053] Extracted 2 pages.  [-] Skipping ielts-r-0061.json, already processed.
  [>] Started ielts-r-0064.json

    [Stage 1] Cleaning passage text...  [-] Skipping ielts-r-0063.json, already processed.

      [API] Looping curl subprocess to Minimax (Attempt 1/8)...  [>] Started ielts-r-0065.json

  [ielts-r-0064] Extracted 2 pages.
    [Stage 1] Cleaning passage text...
      [API] Looping curl subprocess to Minimax (Attempt 1/8)...
  [ielts-r-0065] Extracted 2 pages.
    [Stage 1] Cleaning passage text...
      [API] Looping curl subprocess to Minimax (Attempt 1/8)...
      [API] Minimax responded via curl in 39.72s.
    [Stage 2] Structuring questions and pairing answers...
      [API] Looping curl subprocess to Minimax (Attempt 1/8)...
      [API] Minimax responded via curl in 40.51s.
    [Stage 2] Structuring questions and pairing answers...
      [API] Looping curl subprocess to Minimax (Attempt 1/8)...
      [API] Minimax responded via curl in 43.75s.
    [Stage 2] Structuring questions and pairing answers...
      [API] Looping curl subprocess to Minimax (Attempt 1/8)...
      [API] Minimax responded via curl in 58.86s.
    [Stage 2] Structuring questions and pairing answers...
      [API] Looping curl subprocess to Minimax (Attempt 1/8)...
      [!] Curl returned code 28 in 60.03s: curl: (28) Operation timed out after 60004 milliseconds with 0 bytes received

      [!] Connection timeout/drop. Retrying (attempt 1/8) in 5s...
      [API] Looping curl subprocess to Minimax (Attempt 2/8)...
      [!] Curl returned code 28 in 60.02s: curl: (28) Operation timed out after 60002 milliseconds with 0 bytes received

      [!] Connection timeout/drop. Retrying (attempt 1/8) in 5s...
      [!] Curl returned code 28 in 60.02s: curl: (28) Operation timed out after 60004 milliseconds with 0 bytes received

      [!] Connection timeout/drop. Retrying (attempt 1/8) in 5s...
      [!] Curl returned code 28 in 60.26s: curl: (28) Operation timed out after 60001 milliseconds with 0 bytes received

      [!] Connection timeout/drop. Retrying (attempt 1/8) in 5s...
      [API] Looping curl subprocess to Minimax (Attempt 2/8)...
      [API] Looping curl subprocess to Minimax (Attempt 2/8)...
      [API] Looping curl subprocess to Minimax (Attempt 2/8)...
      [!] Curl returned code 28 in 60.55s: curl: (28) Operation timed out after 60015 milliseconds with 0 bytes received

      [!] Connection timeout/drop. Retrying (attempt 1/8) in 5s...
      [API] Looping curl subprocess to Minimax (Attempt 2/8)...
      [!] Curl returned code 28 in 60.02s: curl: (28) Operation timed out after 60004 milliseconds with 0 bytes received

      [!] Connection timeout/drop. Retrying (attempt 2/8) in 5s...
      [API] Looping curl subprocess to Minimax (Attempt 3/8)...
