Found 651 files to process with 2 workers.
  [>] Started ielts-r-0001.json  [>] Started ielts-r-0002.json

  [-] Skipping ielts-r-0002.json, already processed.
  [>] Started ielts-r-0003.json
  [-] Skipping ielts-r-0003.json, already processed.
  [>] Started ielts-r-0004.json
  [-] Skipping ielts-r-0004.json, already processed.
  [>] Started ielts-r-0005.json
  [-] Skipping ielts-r-0005.json, already processed.
  [>] Started ielts-r-0006.json
  [-] Skipping ielts-r-0006.json, already processed.
  [>] Started ielts-r-0007.json
  [ielts-r-0001] Extracted 2 pages.
    [Stage 1] Cleaning passage text...
  [ielts-r-0007] Extracted 2 pages.
    [Stage 1] Cleaning passage text...
      [API] Looping curl subprocess to Minimax (Attempt 1/8)...      [API] Looping curl subprocess to Minimax (Attempt 1/8)...

      [API] Minimax responded via curl in 39.22s.
    [Stage 2] Structuring questions and pairing answers...
      [API] Looping curl subprocess to Minimax (Attempt 1/8)...
      [API] Minimax responded via curl in 43.91s.
    [Stage 2] Structuring questions and pairing answers...
      [API] Looping curl subprocess to Minimax (Attempt 1/8)...
      [API] Minimax responded via curl in 66.87s.
  [+] Success ielts-r-0007.json
  [>] Started ielts-r-0008.json
  [-] Skipping ielts-r-0008.json, already processed.
  [>] Started ielts-r-0009.json
  [-] Skipping ielts-r-0009.json, already processed.
  [>] Started ielts-r-0010.json
  [-] Skipping ielts-r-0010.json, already processed.
  [>] Started ielts-r-0011.json
  [-] Skipping ielts-r-0011.json, already processed.
  [>] Started ielts-r-0012.json
  [-] Skipping ielts-r-0012.json, already processed.
  [>] Started ielts-r-0013.json
  [-] Skipping ielts-r-0013.json, already processed.
  [>] Started ielts-r-0014.json
  [-] Skipping ielts-r-0014.json, already processed.
  [>] Started ielts-r-0015.json
  [-] Skipping ielts-r-0015.json, already processed.
  [>] Started ielts-r-0016.json
  [-] Skipping ielts-r-0016.json, already processed.
  [>] Started ielts-r-0017.json
  [-] Skipping ielts-r-0017.json, already processed.
  [>] Started ielts-r-0018.json
  [-] Skipping ielts-r-0018.json, already processed.
  [>] Started ielts-r-0019.json
  [-] Skipping ielts-r-0019.json, already processed.
  [>] Started ielts-r-0020.json
  [-] Skipping ielts-r-0020.json, already processed.
  [>] Started ielts-r-0021.json
  [-] Skipping ielts-r-0021.json, already processed.
  [>] Started ielts-r-0022.json
  [-] Skipping ielts-r-0022.json, already processed.
  [>] Started ielts-r-0023.json
  [-] Skipping ielts-r-0023.json, already processed.
  [>] Started ielts-r-0024.json
  [-] Skipping ielts-r-0024.json, already processed.
  [>] Started ielts-r-0025.json
  [-] Skipping ielts-r-0025.json, already processed.
  [>] Started ielts-r-0026.json
  [-] Skipping ielts-r-0026.json, already processed.
  [>] Started ielts-r-0027.json
  [-] Skipping ielts-r-0027.json, already processed.
  [>] Started ielts-r-0028.json
  [-] Skipping ielts-r-0028.json, already processed.
  [>] Started ielts-r-0029.json
  [-] Skipping ielts-r-0029.json, already processed.
  [>] Started ielts-r-0030.json
  [-] Skipping ielts-r-0030.json, already processed.
  [>] Started ielts-r-0031.json
  [-] Skipping ielts-r-0031.json, already processed.
  [>] Started ielts-r-0032.json
  [-] Skipping ielts-r-0032.json, already processed.
  [>] Started ielts-r-0033.json
  [-] Skipping ielts-r-0033.json, already processed.
  [>] Started ielts-r-0034.json
  [-] Skipping ielts-r-0034.json, already processed.
  [>] Started ielts-r-0035.json
  [-] Skipping ielts-r-0035.json, already processed.
  [>] Started ielts-r-0036.json
  [-] Skipping ielts-r-0036.json, already processed.
  [>] Started ielts-r-0037.json
  [-] Skipping ielts-r-0037.json, already processed.
  [>] Started ielts-r-0038.json
  [-] Skipping ielts-r-0038.json, already processed.
  [>] Started ielts-r-0039.json
  [-] Skipping ielts-r-0039.json, already processed.
  [>] Started ielts-r-0040.json
  [-] Skipping ielts-r-0040.json, already processed.
  [>] Started ielts-r-0041.json
  [-] Skipping ielts-r-0041.json, already processed.
  [>] Started ielts-r-0042.json
  [-] Skipping ielts-r-0042.json, already processed.
  [>] Started ielts-r-0043.json
  [-] Skipping ielts-r-0043.json, already processed.
  [>] Started ielts-r-0044.json
  [-] Skipping ielts-r-0044.json, already processed.
  [>] Started ielts-r-0045.json
  [-] Skipping ielts-r-0045.json, already processed.
  [>] Started ielts-r-0046.json
  [-] Skipping ielts-r-0046.json, already processed.
  [>] Started ielts-r-0047.json
  [-] Skipping ielts-r-0047.json, already processed.
  [>] Started ielts-r-0048.json
  [-] Skipping ielts-r-0048.json, already processed.
  [>] Started ielts-r-0049.json
  [-] Skipping ielts-r-0049.json, already processed.
  [>] Started ielts-r-0050.json
  [-] Skipping ielts-r-0050.json, already processed.
  [>] Started ielts-r-0051.json
  [-] Skipping ielts-r-0051.json, already processed.
  [>] Started ielts-r-0052.json
  [-] Skipping ielts-r-0052.json, already processed.
  [>] Started ielts-r-0053.json
  [ielts-r-0053] Extracted 2 pages.
    [Stage 1] Cleaning passage text...
      [API] Looping curl subprocess to Minimax (Attempt 1/8)...
      [API] Minimax responded via curl in 89.16s.
  [+] Success ielts-r-0001.json
  [>] Started ielts-r-0054.json
  [-] Skipping ielts-r-0054.json, already processed.
  [>] Started ielts-r-0055.json
  [-] Skipping ielts-r-0055.json, already processed.
  [>] Started ielts-r-0056.json
  [-] Skipping ielts-r-0056.json, already processed.
  [>] Started ielts-r-0057.json
  [-] Skipping ielts-r-0057.json, already processed.
  [>] Started ielts-r-0058.json
  [-] Skipping ielts-r-0058.json, already processed.
  [>] Started ielts-r-0059.json
  [-] Skipping ielts-r-0059.json, already processed.
  [>] Started ielts-r-0060.json
  [-] Skipping ielts-r-0060.json, already processed.
  [>] Started ielts-r-0061.json
  [-] Skipping ielts-r-0061.json, already processed.
  [>] Started ielts-r-0062.json
  [-] Skipping ielts-r-0062.json, already processed.
  [>] Started ielts-r-0063.json
  [-] Skipping ielts-r-0063.json, already processed.
  [>] Started ielts-r-0064.json
  [-] Skipping ielts-r-0064.json, already processed.
  [>] Started ielts-r-0065.json
  [ielts-r-0065] Extracted 2 pages.
    [Stage 1] Cleaning passage text...
      [API] Looping curl subprocess to Minimax (Attempt 1/8)...
      [API] Minimax responded via curl in 43.34s.
    [Stage 2] Structuring questions and pairing answers...
      [API] Looping curl subprocess to Minimax (Attempt 1/8)...
      [API] Minimax responded via curl in 32.44s.
    [Stage 2] Structuring questions and pairing answers...
      [API] Looping curl subprocess to Minimax (Attempt 1/8)...
      [API] Minimax responded via curl in 60.24s.
  [+] Success ielts-r-0065.json
  [>] Started ielts-r-0066.json
  [-] Skipping ielts-r-0066.json, already processed.
  [>] Started ielts-r-0067.json
  [-] Skipping ielts-r-0067.json, already processed.
  [>] Started ielts-r-0068.json
  [-] Skipping ielts-r-0068.json, already processed.
  [>] Started ielts-r-0069.json
  [-] Skipping ielts-r-0069.json, already processed.
  [>] Started ielts-r-0070.json
  [ielts-r-0070] Extracted 2 pages.
    [Stage 1] Cleaning passage text...
      [API] Looping curl subprocess to Minimax (Attempt 1/8)...
      [API] Minimax responded via curl in 77.75s.
  [+] Success ielts-r-0053.json
  [>] Started ielts-r-0071.json
  [-] Skipping ielts-r-0071.json, already processed.
  [>] Started ielts-r-0072.json
  [-] Skipping ielts-r-0072.json, already processed.
  [>] Started ielts-r-0073.json
  [-] Skipping ielts-r-0073.json, already processed.
  [>] Started ielts-r-0074.json
  [-] Skipping ielts-r-0074.json, already processed.
  [>] Started ielts-r-0075.json
  [-] Skipping ielts-r-0075.json, already processed.
  [>] Started ielts-r-0076.json
  [-] Skipping ielts-r-0076.json, already processed.
  [>] Started ielts-r-0077.json
  [-] Skipping ielts-r-0077.json, already processed.
  [>] Started ielts-r-0078.json
  [-] Skipping ielts-r-0078.json, already processed.
  [>] Started ielts-r-0079.json
  [-] Skipping ielts-r-0079.json, already processed.
  [>] Started ielts-r-0080.json
  [-] Skipping ielts-r-0080.json, already processed.
  [>] Started ielts-r-0081.json
  [-] Skipping ielts-r-0081.json, already processed.
  [>] Started ielts-r-0082.json
  [-] Skipping ielts-r-0082.json, already processed.
  [>] Started ielts-r-0083.json
  [-] Skipping ielts-r-0083.json, already processed.
  [>] Started ielts-r-0084.json
  [-] Skipping ielts-r-0084.json, already processed.
  [>] Started ielts-r-0085.json
  [-] Skipping ielts-r-0085.json, already processed.
  [>] Started ielts-r-0086.json
  [-] Skipping ielts-r-0086.json, already processed.
  [>] Started ielts-r-0087.json
  [-] Skipping ielts-r-0087.json, already processed.
  [>] Started ielts-r-0088.json
  [-] Skipping ielts-r-0088.json, already processed.
  [>] Started ielts-r-0089.json
  [-] Skipping ielts-r-0089.json, already processed.
  [>] Started ielts-r-0090.json
  [-] Skipping ielts-r-0090.json, already processed.
  [>] Started ielts-r-0091.json
  [-] Skipping ielts-r-0091.json, already processed.
  [>] Started ielts-r-0092.json
  [-] Skipping ielts-r-0092.json, already processed.
  [>] Started ielts-r-0093.json
  [ielts-r-0093] Extracted 2 pages.
    [Stage 1] Cleaning passage text...
      [API] Looping curl subprocess to Minimax (Attempt 1/8)...
      [API] Minimax responded via curl in 33.78s.
    [Stage 2] Structuring questions and pairing answers...
      [API] Looping curl subprocess to Minimax (Attempt 1/8)...
