Found 651 files to process with 5 workers.
  [>] Started ielts-r-0001.json
  [>] Started ielts-r-0002.json  [>] Started ielts-r-0003.json

  [-] Skipping ielts-r-0002.json, already processed.  [-] Skipping ielts-r-0003.json, already processed.  [>] Started ielts-r-0004.json

  [>] Started ielts-r-0005.json

  [>] Started ielts-r-0006.json  [-] Skipping ielts-r-0004.json, already processed.  [>] Started ielts-r-0007.json

  [-] Skipping ielts-r-0005.json, already processed.  [ielts-r-0001] Extracted 2 pages.

    [Stage 1] Cleaning passage text...
  [>] Started ielts-r-0008.json
  [>] Started ielts-r-0009.json

  [-] Skipping ielts-r-0006.json, already processed.  [-] Skipping ielts-r-0008.json, already processed.  [-] Skipping ielts-r-0009.json, already processed.

  [>] Started ielts-r-0010.json

  [>] Started ielts-r-0011.json  [>] Started ielts-r-0012.json  [-] Skipping ielts-r-0010.json, already processed.


  [-] Skipping ielts-r-0011.json, already processed.  [>] Started ielts-r-0013.json  [-] Skipping ielts-r-0012.json, already processed.

  [>] Started ielts-r-0014.json

  [>] Started ielts-r-0015.json  [-] Skipping ielts-r-0013.json, already processed.

  [-] Skipping ielts-r-0014.json, already processed.  [>] Started ielts-r-0016.json      [API] Looping curl subprocess to Minimax (Attempt 1/8)...

  [>] Started ielts-r-0017.json
  [-] Skipping ielts-r-0015.json, already processed.
  [ielts-r-0007] Extracted 2 pages.

  [>] Started ielts-r-0018.json    [Stage 1] Cleaning passage text...
  [-] Skipping ielts-r-0016.json, already processed.
  [-] Skipping ielts-r-0017.json, already processed.
  [-] Skipping ielts-r-0018.json, already processed.

  [>] Started ielts-r-0019.json  [>] Started ielts-r-0020.json      [API] Looping curl subprocess to Minimax (Attempt 1/8)...  [>] Started ielts-r-0021.json



  [-] Skipping ielts-r-0019.json, already processed.
  [-] Skipping ielts-r-0020.json, already processed.  [-] Skipping ielts-r-0021.json, already processed.  [>] Started ielts-r-0022.json

  [>] Started ielts-r-0023.json

  [>] Started ielts-r-0024.json
  [-] Skipping ielts-r-0022.json, already processed.
  [-] Skipping ielts-r-0023.json, already processed.  [>] Started ielts-r-0025.json  [-] Skipping ielts-r-0024.json, already processed.


  [>] Started ielts-r-0026.json  [>] Started ielts-r-0027.json  [-] Skipping ielts-r-0025.json, already processed.


  [>] Started ielts-r-0028.json  [-] Skipping ielts-r-0027.json, already processed.

  [-] Skipping ielts-r-0026.json, already processed.  [-] Skipping ielts-r-0028.json, already processed.  [>] Started ielts-r-0029.json


  [>] Started ielts-r-0030.json  [-] Skipping ielts-r-0029.json, already processed.  [>] Started ielts-r-0031.json


  [>] Started ielts-r-0032.json
  [-] Skipping ielts-r-0031.json, already processed.
  [-] Skipping ielts-r-0032.json, already processed.  [-] Skipping ielts-r-0030.json, already processed.
  [>] Started ielts-r-0033.json
  [>] Started ielts-r-0034.json

  [-] Skipping ielts-r-0033.json, already processed.  [>] Started ielts-r-0035.json

  [-] Skipping ielts-r-0034.json, already processed.  [>] Started ielts-r-0036.json
  [-] Skipping ielts-r-0035.json, already processed.  [>] Started ielts-r-0037.json

  [>] Started ielts-r-0038.json  [-] Skipping ielts-r-0036.json, already processed.


  [>] Started ielts-r-0039.json  [-] Skipping ielts-r-0037.json, already processed.
  [>] Started ielts-r-0040.json

  [-] Skipping ielts-r-0038.json, already processed.  [-] Skipping ielts-r-0039.json, already processed.
  [-] Skipping ielts-r-0040.json, already processed.
  [>] Started ielts-r-0041.json
  [>] Started ielts-r-0042.json

  [>] Started ielts-r-0043.json
  [-] Skipping ielts-r-0041.json, already processed.
  [-] Skipping ielts-r-0042.json, already processed.  [-] Skipping ielts-r-0043.json, already processed.  [>] Started ielts-r-0044.json


  [>] Started ielts-r-0045.json  [-] Skipping ielts-r-0044.json, already processed.  [>] Started ielts-r-0046.json

  [>] Started ielts-r-0047.json
  [-] Skipping ielts-r-0046.json, already processed.

  [>] Started ielts-r-0048.json  [-] Skipping ielts-r-0045.json, already processed.

  [-] Skipping ielts-r-0048.json, already processed.  [>] Started ielts-r-0049.json

  [-] Skipping ielts-r-0047.json, already processed.  [-] Skipping ielts-r-0049.json, already processed.  [>] Started ielts-r-0050.json

  [>] Started ielts-r-0051.json
  [-] Skipping ielts-r-0050.json, already processed.
  [-] Skipping ielts-r-0051.json, already processed.  [>] Started ielts-r-0052.json


  [>] Started ielts-r-0053.json  [>] Started ielts-r-0054.json
  [-] Skipping ielts-r-0052.json, already processed.
  [-] Skipping ielts-r-0054.json, already processed.

  [>] Started ielts-r-0055.json
  [>] Started ielts-r-0056.json
  [-] Skipping ielts-r-0055.json, already processed.
  [-] Skipping ielts-r-0056.json, already processed.  [>] Started ielts-r-0057.json

  [-] Skipping ielts-r-0057.json, already processed.  [>] Started ielts-r-0058.json

  [>] Started ielts-r-0059.json  [-] Skipping ielts-r-0058.json, already processed.

  [>] Started ielts-r-0060.json
  [-] Skipping ielts-r-0059.json, already processed.  [-] Skipping ielts-r-0060.json, already processed.

  [>] Started ielts-r-0061.json  [>] Started ielts-r-0062.json

  [-] Skipping ielts-r-0062.json, already processed.
  [>] Started ielts-r-0063.json  [-] Skipping ielts-r-0061.json, already processed.
  [-] Skipping ielts-r-0063.json, already processed.
  [>] Started ielts-r-0064.json

  [>] Started ielts-r-0065.json
  [ielts-r-0053] Extracted 2 pages.
    [Stage 1] Cleaning passage text...
      [API] Looping curl subprocess to Minimax (Attempt 1/8)...
  [ielts-r-0065] Extracted 2 pages.  [ielts-r-0064] Extracted 2 pages.

    [Stage 1] Cleaning passage text...    [Stage 1] Cleaning passage text...
      [API] Looping curl subprocess to Minimax (Attempt 1/8)...

      [API] Looping curl subprocess to Minimax (Attempt 1/8)...
      [API] Minimax responded via curl in 37.64s.
    [Stage 2] Structuring questions and pairing answers...
      [API] Looping curl subprocess to Minimax (Attempt 1/8)...
      [API] Minimax responded via curl in 39.39s.
    [Stage 2] Structuring questions and pairing answers...
      [API] Looping curl subprocess to Minimax (Attempt 1/8)...
      [API] Minimax responded via curl in 42.15s.
    [Stage 2] Structuring questions and pairing answers...
      [API] Looping curl subprocess to Minimax (Attempt 1/8)...
      [API] Minimax responded via curl in 43.24s.
    [Stage 2] Structuring questions and pairing answers...
      [API] Looping curl subprocess to Minimax (Attempt 1/8)...
      [!] Curl returned code 28 in 60.01s: curl: (28) Operation timed out after 60005 milliseconds with 0 bytes received

      [!] Connection timeout/drop. Retrying (attempt 1/8) in 5s...
      [API] Looping curl subprocess to Minimax (Attempt 2/8)...
      [!] Curl returned code 28 in 60.02s: curl: (28) Operation timed out after 60002 milliseconds with 0 bytes received

      [!] Connection timeout/drop. Retrying (attempt 1/8) in 5s...
      [!] Curl returned code 28 in 60.02s: curl: (28) Operation timed out after 60006 milliseconds with 0 bytes received

      [!] Connection timeout/drop. Retrying (attempt 1/8) in 5s...
      [!] Curl returned code 28 in 60.03s: curl: (28) Operation timed out after 60007 milliseconds with 0 bytes received

      [!] Connection timeout/drop. Retrying (attempt 1/8) in 5s...
      [API] Looping curl subprocess to Minimax (Attempt 2/8)...
      [!] Curl returned code 28 in 60.02s: curl: (28) Operation timed out after 60005 milliseconds with 0 bytes received

      [!] Connection timeout/drop. Retrying (attempt 1/8) in 5s...
      [API] Looping curl subprocess to Minimax (Attempt 2/8)...
      [API] Looping curl subprocess to Minimax (Attempt 2/8)...
      [API] Looping curl subprocess to Minimax (Attempt 2/8)...
      [API] Minimax responded via curl in 51.43s.
    [Stage 2] Structuring questions and pairing answers...
      [API] Looping curl subprocess to Minimax (Attempt 1/8)...
      [!] Curl returned code 28 in 60.02s: curl: (28) Operation timed out after 60003 milliseconds with 0 bytes received

      [!] Connection timeout/drop. Retrying (attempt 2/8) in 5s...
      [!] Curl returned code 28 in 60.02s: curl: (28) Operation timed out after 60005 milliseconds with 0 bytes received

      [!] Connection timeout/drop. Retrying (attempt 2/8) in 5s...
      [!] Curl returned code 28 in 60.02s: curl: (28) Operation timed out after 60005 milliseconds with 0 bytes received

      [!] Connection timeout/drop. Retrying (attempt 2/8) in 5s...
      [API] Minimax responded via curl in 51.00s.
  [+] Success ielts-r-0064.json
  [>] Started ielts-r-0066.json
  [-] Skipping ielts-r-0066.json, already processed.
  [>] Started ielts-r-0067.json
  [-] Skipping ielts-r-0067.json, already processed.
  [>] Started ielts-r-0068.json
  [-] Skipping ielts-r-0068.json, already processed.
  [>] Started ielts-r-0069.json
  [-] Skipping ielts-r-0069.json, already processed.
  [>] Started ielts-r-0070.json
  [ielts-r-0070] Extracted 2 pages.
    [Stage 1] Cleaning passage text...
      [API] Looping curl subprocess to Minimax (Attempt 1/8)...
      [API] Looping curl subprocess to Minimax (Attempt 3/8)...
      [!] Curl returned code 28 in 60.02s: curl: (28) Operation timed out after 60002 milliseconds with 0 bytes received

      [!] Connection timeout/drop. Retrying (attempt 2/8) in 5s...
      [API] Looping curl subprocess to Minimax (Attempt 3/8)...
      [API] Looping curl subprocess to Minimax (Attempt 3/8)...
      [API] Looping curl subprocess to Minimax (Attempt 3/8)...
      [API] Minimax responded via curl in 36.55s.
    [Stage 2] Structuring questions and pairing answers...
      [API] Looping curl subprocess to Minimax (Attempt 1/8)...
      [!] Curl returned code 28 in 60.02s: curl: (28) Operation timed out after 60006 milliseconds with 0 bytes received

      [!] Connection timeout/drop. Retrying (attempt 3/8) in 5s...
      [!] Curl returned code 28 in 60.03s: curl: (28) Operation timed out after 60001 milliseconds with 0 bytes received

      [!] Connection timeout/drop. Retrying (attempt 3/8) in 5s...
      [!] Curl returned code 28 in 60.03s: curl: (28) Operation timed out after 60004 milliseconds with 0 bytes received

      [!] Connection timeout/drop. Retrying (attempt 3/8) in 5s...
      [API] Looping curl subprocess to Minimax (Attempt 4/8)...
      [!] Curl returned code 28 in 60.02s: curl: (28) Operation timed out after 60002 milliseconds with 0 bytes received

      [!] Connection timeout/drop. Retrying (attempt 3/8) in 5s...
      [API] Looping curl subprocess to Minimax (Attempt 4/8)...
      [API] Looping curl subprocess to Minimax (Attempt 4/8)...
      [API] Looping curl subprocess to Minimax (Attempt 4/8)...
      [!] Curl returned code 28 in 60.03s: curl: (28) Operation timed out after 60006 milliseconds with 0 bytes received

      [!] Connection timeout/drop. Retrying (attempt 1/8) in 5s...
      [API] Looping curl subprocess to Minimax (Attempt 2/8)...
      [!] Curl returned code 28 in 60.03s: curl: (28) Operation timed out after 60006 milliseconds with 0 bytes received

      [!] Connection timeout/drop. Retrying (attempt 4/8) in 5s...
      [!] Curl returned code 28 in 60.03s: curl: (28) Operation timed out after 60002 milliseconds with 0 bytes received

      [!] Connection timeout/drop. Retrying (attempt 4/8) in 5s...
      [!] Curl returned code 28 in 60.02s: curl: (28) Operation timed out after 60001 milliseconds with 0 bytes received

      [!] Connection timeout/drop. Retrying (attempt 4/8) in 5s...
      [API] Looping curl subprocess to Minimax (Attempt 5/8)...
      [!] Curl returned code 28 in 60.03s: curl: (28) Operation timed out after 60004 milliseconds with 0 bytes received

      [!] Connection timeout/drop. Retrying (attempt 4/8) in 5s...
      [API] Looping curl subprocess to Minimax (Attempt 5/8)...
      [API] Looping curl subprocess to Minimax (Attempt 5/8)...
      [API] Looping curl subprocess to Minimax (Attempt 5/8)...
      [!] Curl returned code 28 in 60.02s: curl: (28) Operation timed out after 60003 milliseconds with 0 bytes received

      [!] Connection timeout/drop. Retrying (attempt 2/8) in 5s...
      [API] Looping curl subprocess to Minimax (Attempt 3/8)...
      [!] Curl returned code 28 in 60.02s: curl: (28) Operation timed out after 60006 milliseconds with 0 bytes received

      [!] Connection timeout/drop. Retrying (attempt 5/8) in 5s...
      [!] Curl returned code 28 in 60.02s: curl: (28) Operation timed out after 60002 milliseconds with 0 bytes received

      [!] Connection timeout/drop. Retrying (attempt 5/8) in 5s...
      [!] Curl returned code 28 in 60.03s: curl: (28) Operation timed out after 60004 milliseconds with 0 bytes received

      [!] Connection timeout/drop. Retrying (attempt 5/8) in 5s...
      [API] Looping curl subprocess to Minimax (Attempt 6/8)...
      [!] Curl returned code 28 in 60.03s: curl: (28) Operation timed out after 60002 milliseconds with 0 bytes received

      [!] Connection timeout/drop. Retrying (attempt 5/8) in 5s...
      [API] Looping curl subprocess to Minimax (Attempt 6/8)...
      [API] Looping curl subprocess to Minimax (Attempt 6/8)...
      [API] Looping curl subprocess to Minimax (Attempt 6/8)...
      [!] Curl returned code 28 in 60.03s: curl: (28) Operation timed out after 60003 milliseconds with 0 bytes received

      [!] Connection timeout/drop. Retrying (attempt 3/8) in 5s...
      [API] Looping curl subprocess to Minimax (Attempt 4/8)...
      [!] Curl returned code 28 in 60.03s: curl: (28) Operation timed out after 60004 milliseconds with 0 bytes received

      [!] Connection timeout/drop. Retrying (attempt 6/8) in 5s...
      [!] Curl returned code 28 in 60.03s: curl: (28) Operation timed out after 60005 milliseconds with 0 bytes received

      [!] Connection timeout/drop. Retrying (attempt 6/8) in 5s...
      [!] Curl returned code 28 in 60.02s: curl: (28) Operation timed out after 60005 milliseconds with 0 bytes received

      [!] Connection timeout/drop. Retrying (attempt 6/8) in 5s...
      [API] Looping curl subprocess to Minimax (Attempt 7/8)...
      [!] Curl returned code 28 in 60.03s: curl: (28) Operation timed out after 60005 milliseconds with 0 bytes received

      [!] Connection timeout/drop. Retrying (attempt 6/8) in 5s...
      [API] Looping curl subprocess to Minimax (Attempt 7/8)...
      [API] Looping curl subprocess to Minimax (Attempt 7/8)...
      [API] Looping curl subprocess to Minimax (Attempt 7/8)...
      [!] Curl returned code 28 in 60.03s: curl: (28) Operation timed out after 60005 milliseconds with 0 bytes received

      [!] Connection timeout/drop. Retrying (attempt 4/8) in 5s...
      [API] Looping curl subprocess to Minimax (Attempt 5/8)...
      [!] Curl returned code 28 in 60.02s: curl: (28) Operation timed out after 60003 milliseconds with 0 bytes received

      [!] Connection timeout/drop. Retrying (attempt 7/8) in 5s...
      [!] Curl returned code 28 in 60.02s: curl: (28) Operation timed out after 60002 milliseconds with 0 bytes received

      [!] Connection timeout/drop. Retrying (attempt 7/8) in 5s...
      [!] Curl returned code 28 in 60.02s: curl: (28) Operation timed out after 60002 milliseconds with 0 bytes received

      [!] Connection timeout/drop. Retrying (attempt 7/8) in 5s...
      [API] Looping curl subprocess to Minimax (Attempt 8/8)...
      [!] Curl returned code 28 in 60.03s: curl: (28) Operation timed out after 60004 milliseconds with 0 bytes received

      [!] Connection timeout/drop. Retrying (attempt 7/8) in 5s...
      [API] Looping curl subprocess to Minimax (Attempt 8/8)...
      [API] Looping curl subprocess to Minimax (Attempt 8/8)...
      [API] Looping curl subprocess to Minimax (Attempt 8/8)...
      [!] Curl returned code 28 in 60.03s: curl: (28) Operation timed out after 60004 milliseconds with 0 bytes received

      [!] Connection timeout/drop. Retrying (attempt 5/8) in 5s...
      [API] Looping curl subprocess to Minimax (Attempt 6/8)...
      [!] Curl returned code 28 in 60.03s: curl: (28) Operation timed out after 60003 milliseconds with 0 bytes received

  [!] Minimax subprocess Error: Curl failed: curl: (28) Operation timed out after 60003 milliseconds with 0 bytes received

  [!] Error processing ielts-r-0001.json: Curl failed: curl: (28) Operation timed out after 60003 milliseconds with 0 bytes received

  [>] Started ielts-r-0071.json
  [-] Skipping ielts-r-0071.json, already processed.
  [>] Started ielts-r-0072.json
  [-] Skipping ielts-r-0072.json, already processed.
  [>] Started ielts-r-0073.json
  [-] Skipping ielts-r-0073.json, already processed.
  [>] Started ielts-r-0074.json
  [ielts-r-0074] Extracted 2 pages.
    [Stage 1] Cleaning passage text...
      [API] Looping curl subprocess to Minimax (Attempt 1/8)...
      [!] Curl returned code 28 in 60.03s: curl: (28) Operation timed out after 60005 milliseconds with 0 bytes received

  [!] Minimax subprocess Error: Curl failed: curl: (28) Operation timed out after 60005 milliseconds with 0 bytes received

  [!] Error processing ielts-r-0007.json: Curl failed: curl: (28) Operation timed out after 60005 milliseconds with 0 bytes received

  [>] Started ielts-r-0075.json
  [-] Skipping ielts-r-0075.json, already processed.
  [>] Started ielts-r-0076.json
  [-] Skipping ielts-r-0076.json, already processed.
  [>] Started ielts-r-0077.json
  [-] Skipping ielts-r-0077.json, already processed.
  [>] Started ielts-r-0078.json
  [-] Skipping ielts-r-0078.json, already processed.
  [>] Started ielts-r-0079.json
  [-] Skipping ielts-r-0079.json, already processed.
  [>] Started ielts-r-0080.json
  [ielts-r-0080] Extracted 2 pages.
    [Stage 1] Cleaning passage text...
      [API] Looping curl subprocess to Minimax (Attempt 1/8)...
      [!] Curl returned code 28 in 60.03s: curl: (28) Operation timed out after 60003 milliseconds with 0 bytes received

  [!] Minimax subprocess Error: Curl failed: curl: (28) Operation timed out after 60003 milliseconds with 0 bytes received

  [!] Error processing ielts-r-0053.json: Curl failed: curl: (28) Operation timed out after 60003 milliseconds with 0 bytes received

  [>] Started ielts-r-0081.json
  [-] Skipping ielts-r-0081.json, already processed.
  [>] Started ielts-r-0082.json
  [-] Skipping ielts-r-0082.json, already processed.
  [>] Started ielts-r-0083.json
  [-] Skipping ielts-r-0083.json, already processed.
  [>] Started ielts-r-0084.json
  [-] Skipping ielts-r-0084.json, already processed.
  [>] Started ielts-r-0085.json
  [-] Skipping ielts-r-0085.json, already processed.
  [>] Started ielts-r-0086.json
  [-] Skipping ielts-r-0086.json, already processed.
  [>] Started ielts-r-0087.json
  [-] Skipping ielts-r-0087.json, already processed.
  [>] Started ielts-r-0088.json
  [-] Skipping ielts-r-0088.json, already processed.
  [>] Started ielts-r-0089.json
  [-] Skipping ielts-r-0089.json, already processed.
  [>] Started ielts-r-0090.json
  [-] Skipping ielts-r-0090.json, already processed.
  [>] Started ielts-r-0091.json
  [-] Skipping ielts-r-0091.json, already processed.
  [>] Started ielts-r-0092.json
  [-] Skipping ielts-r-0092.json, already processed.
  [>] Started ielts-r-0093.json
  [ielts-r-0093] Extracted 2 pages.
    [Stage 1] Cleaning passage text...
      [API] Looping curl subprocess to Minimax (Attempt 1/8)...
      [!] Curl returned code 28 in 60.03s: curl: (28) Operation timed out after 60001 milliseconds with 0 bytes received

  [!] Minimax subprocess Error: Curl failed: curl: (28) Operation timed out after 60001 milliseconds with 0 bytes received

  [!] Error processing ielts-r-0065.json: Curl failed: curl: (28) Operation timed out after 60001 milliseconds with 0 bytes received

  [>] Started ielts-r-0094.json
  [-] Skipping ielts-r-0094.json, already processed.
  [>] Started ielts-r-0095.json
  [-] Skipping ielts-r-0095.json, already processed.
  [>] Started ielts-r-0096.json
  [-] Skipping ielts-r-0096.json, already processed.
  [>] Started ielts-r-0097.json
  [-] Skipping ielts-r-0097.json, already processed.
  [>] Started ielts-r-0098.json
  [-] Skipping ielts-r-0098.json, already processed.
  [>] Started ielts-r-0099.json
  [-] Skipping ielts-r-0099.json, already processed.
  [>] Started ielts-r-0100.json
  [-] Skipping ielts-r-0100.json, already processed.
  [>] Started ielts-r-0101.json
  [-] Skipping ielts-r-0101.json, already processed.
  [>] Started ielts-r-0102.json
  [-] Skipping ielts-r-0102.json, already processed.
  [>] Started ielts-r-0103.json
  [-] Skipping ielts-r-0103.json, already processed.
  [>] Started ielts-r-0104.json
  [-] Skipping ielts-r-0104.json, already processed.
  [>] Started ielts-r-0105.json
  [-] Skipping ielts-r-0105.json, already processed.
  [>] Started ielts-r-0106.json
  [-] Skipping ielts-r-0106.json, already processed.
  [>] Started ielts-r-0107.json
  [-] Skipping ielts-r-0107.json, already processed.
  [>] Started ielts-r-0108.json
  [-] Skipping ielts-r-0108.json, already processed.
  [>] Started ielts-r-0109.json
  [-] Skipping ielts-r-0109.json, already processed.
  [>] Started ielts-r-0110.json
  [-] Skipping ielts-r-0110.json, already processed.
  [>] Started ielts-r-0111.json
  [-] Skipping ielts-r-0111.json, already processed.
  [>] Started ielts-r-0112.json
  [-] Skipping ielts-r-0112.json, already processed.
  [>] Started ielts-r-0113.json
  [-] Skipping ielts-r-0113.json, already processed.
  [>] Started ielts-r-0114.json
  [-] Skipping ielts-r-0114.json, already processed.
  [>] Started ielts-r-0115.json
  [-] Skipping ielts-r-0115.json, already processed.
  [>] Started ielts-r-0116.json
  [-] Skipping ielts-r-0116.json, already processed.
  [>] Started ielts-r-0117.json
  [-] Skipping ielts-r-0117.json, already processed.
  [>] Started ielts-r-0118.json
  [-] Skipping ielts-r-0118.json, already processed.
  [>] Started ielts-r-0119.json
  [-] Skipping ielts-r-0119.json, already processed.
  [>] Started ielts-r-0120.json
  [-] Skipping ielts-r-0120.json, already processed.
  [>] Started ielts-r-0121.json
  [-] Skipping ielts-r-0121.json, already processed.
  [>] Started ielts-r-0122.json
  [-] Skipping ielts-r-0122.json, already processed.
  [>] Started ielts-r-0123.json
  [-] Skipping ielts-r-0123.json, already processed.
  [>] Started ielts-r-0124.json
  [-] Skipping ielts-r-0124.json, already processed.
  [>] Started ielts-r-0125.json
  [-] Skipping ielts-r-0125.json, already processed.
  [>] Started ielts-r-0126.json
  [-] Skipping ielts-r-0126.json, already processed.
  [>] Started ielts-r-0127.json
  [-] Skipping ielts-r-0127.json, already processed.
  [>] Started ielts-r-0128.json
  [-] Skipping ielts-r-0128.json, already processed.
  [>] Started ielts-r-0129.json
  [-] Skipping ielts-r-0129.json, already processed.
  [>] Started ielts-r-0130.json
  [-] Skipping ielts-r-0130.json, already processed.
  [>] Started ielts-r-0131.json
  [-] Skipping ielts-r-0131.json, already processed.
  [>] Started ielts-r-0132.json
  [-] Skipping ielts-r-0132.json, already processed.
  [>] Started ielts-r-0133.json
  [-] Skipping ielts-r-0133.json, already processed.
  [>] Started ielts-r-0134.json
  [-] Skipping ielts-r-0134.json, already processed.
  [>] Started ielts-r-0135.json
  [-] Skipping ielts-r-0135.json, already processed.
  [>] Started ielts-r-0136.json
  [-] Skipping ielts-r-0136.json, already processed.
  [>] Started ielts-r-0137.json
  [ielts-r-0137] Extracted 2 pages.
    [Stage 1] Cleaning passage text...
      [API] Looping curl subprocess to Minimax (Attempt 1/8)...
      [API] Minimax responded via curl in 26.50s.
    [Stage 2] Structuring questions and pairing answers...
      [API] Looping curl subprocess to Minimax (Attempt 1/8)...
      [!] Curl returned code 28 in 60.03s: curl: (28) Operation timed out after 60004 milliseconds with 0 bytes received

      [!] Connection timeout/drop. Retrying (attempt 6/8) in 5s...
      [API] Minimax responded via curl in 35.63s.
    [Stage 2] Structuring questions and pairing answers...
      [API] Looping curl subprocess to Minimax (Attempt 1/8)...
      [API] Looping curl subprocess to Minimax (Attempt 7/8)...
      [API] Minimax responded via curl in 46.90s.
    [Stage 2] Structuring questions and pairing answers...
      [API] Looping curl subprocess to Minimax (Attempt 1/8)...
      [API] Minimax responded via curl in 51.80s.
    [Stage 2] Structuring questions and pairing answers...
      [API] Looping curl subprocess to Minimax (Attempt 1/8)...
      [!] Curl returned code 28 in 60.02s: curl: (28) Operation timed out after 60003 milliseconds with 0 bytes received

      [!] Connection timeout/drop. Retrying (attempt 1/8) in 5s...
      [API] Minimax responded via curl in 41.81s.
  [+] Success ielts-r-0074.json
  [>] Started ielts-r-0138.json
  [-] Skipping ielts-r-0138.json, already processed.
  [>] Started ielts-r-0139.json
  [-] Skipping ielts-r-0139.json, already processed.
  [>] Started ielts-r-0140.json
  [-] Skipping ielts-r-0140.json, already processed.
  [>] Started ielts-r-0141.json
  [ielts-r-0141] Extracted 2 pages.
    [Stage 1] Cleaning passage text...
      [API] Looping curl subprocess to Minimax (Attempt 1/8)...
      [API] Looping curl subprocess to Minimax (Attempt 2/8)...
      [!] Curl returned code 28 in 60.02s: curl: (28) Operation timed out after 60006 milliseconds with 0 bytes received

      [!] Connection timeout/drop. Retrying (attempt 1/8) in 5s...
      [!] Curl returned code 28 in 60.01s: curl: (28) Operation timed out after 60000 milliseconds with 0 bytes received

      [!] Connection timeout/drop. Retrying (attempt 7/8) in 5s...
      [API] Looping curl subprocess to Minimax (Attempt 2/8)...
      [API] Looping curl subprocess to Minimax (Attempt 8/8)...
      [!] Curl returned code 28 in 60.02s: curl: (28) Operation timed out after 60002 milliseconds with 0 bytes received

      [!] Connection timeout/drop. Retrying (attempt 1/8) in 5s...
      [API] Looping curl subprocess to Minimax (Attempt 2/8)...
      [API] Minimax responded via curl in 36.06s.
    [Stage 2] Structuring questions and pairing answers...
      [API] Looping curl subprocess to Minimax (Attempt 1/8)...
      [!] Curl returned code 28 in 60.03s: curl: (28) Operation timed out after 60006 milliseconds with 0 bytes received

      [!] Connection timeout/drop. Retrying (attempt 2/8) in 5s...
      [API] Looping curl subprocess to Minimax (Attempt 3/8)...
      [!] Curl returned code 28 in 60.03s: curl: (28) Operation timed out after 60003 milliseconds with 0 bytes received

      [!] Connection timeout/drop. Retrying (attempt 2/8) in 5s...
      [!] Curl returned code 28 in 60.03s: curl: (28) Operation timed out after 60006 milliseconds with 0 bytes received

  [!] Minimax subprocess Error: Curl failed: curl: (28) Operation timed out after 60006 milliseconds with 0 bytes received

  [!] Error processing ielts-r-0070.json: Curl failed: curl: (28) Operation timed out after 60006 milliseconds with 0 bytes received

  [>] Started ielts-r-0142.json
  [-] Skipping ielts-r-0142.json, already processed.
  [>] Started ielts-r-0143.json
  [-] Skipping ielts-r-0143.json, already processed.
  [>] Started ielts-r-0144.json
  [-] Skipping ielts-r-0144.json, already processed.
  [>] Started ielts-r-0145.json
  [ielts-r-0145] Extracted 2 pages.
    [Stage 1] Cleaning passage text...
      [API] Looping curl subprocess to Minimax (Attempt 1/8)...
      [API] Looping curl subprocess to Minimax (Attempt 3/8)...
      [!] Curl returned code 28 in 60.03s: curl: (28) Operation timed out after 60004 milliseconds with 0 bytes received

      [!] Connection timeout/drop. Retrying (attempt 2/8) in 5s...
      [API] Looping curl subprocess to Minimax (Attempt 3/8)...
      [!] Curl returned code 28 in 60.03s: curl: (28) Operation timed out after 60002 milliseconds with 0 bytes received

      [!] Connection timeout/drop. Retrying (attempt 1/8) in 5s...
      [API] Looping curl subprocess to Minimax (Attempt 2/8)...
      [API] Minimax responded via curl in 45.22s.
    [Stage 2] Structuring questions and pairing answers...
      [API] Looping curl subprocess to Minimax (Attempt 1/8)...
      [!] Curl returned code 28 in 60.03s: curl: (28) Operation timed out after 60005 milliseconds with 0 bytes received

      [!] Connection timeout/drop. Retrying (attempt 3/8) in 5s...
      [API] Looping curl subprocess to Minimax (Attempt 4/8)...
      [!] Curl returned code 28 in 60.01s: curl: (28) Operation timed out after 60001 milliseconds with 0 bytes received

      [!] Connection timeout/drop. Retrying (attempt 3/8) in 5s...
      [API] Looping curl subprocess to Minimax (Attempt 4/8)...
      [!] Curl returned code 28 in 60.02s: curl: (28) Operation timed out after 60006 milliseconds with 0 bytes received

      [!] Connection timeout/drop. Retrying (attempt 3/8) in 5s...
      [API] Looping curl subprocess to Minimax (Attempt 4/8)...
      [!] Curl returned code 28 in 60.03s: curl: (28) Operation timed out after 60004 milliseconds with 0 bytes received

      [!] Connection timeout/drop. Retrying (attempt 2/8) in 5s...
      [API] Looping curl subprocess to Minimax (Attempt 3/8)...
      [!] Curl returned code 28 in 60.01s: curl: (28) Operation timed out after 60005 milliseconds with 0 bytes received

      [!] Connection timeout/drop. Retrying (attempt 1/8) in 5s...
      [API] Looping curl subprocess to Minimax (Attempt 2/8)...
      [!] Curl returned code 28 in 60.02s: curl: (28) Operation timed out after 60005 milliseconds with 0 bytes received

      [!] Connection timeout/drop. Retrying (attempt 4/8) in 5s...
      [API] Looping curl subprocess to Minimax (Attempt 5/8)...
      [!] Curl returned code 28 in 60.01s: curl: (28) Operation timed out after 60003 milliseconds with 0 bytes received

      [!] Connection timeout/drop. Retrying (attempt 4/8) in 5s...
      [API] Looping curl subprocess to Minimax (Attempt 5/8)...
      [!] Curl returned code 28 in 60.01s: curl: (28) Operation timed out after 60004 milliseconds with 0 bytes received

      [!] Connection timeout/drop. Retrying (attempt 4/8) in 5s...
      [API] Looping curl subprocess to Minimax (Attempt 5/8)...
      [!] Curl returned code 28 in 60.01s: curl: (28) Operation timed out after 60001 milliseconds with 0 bytes received

      [!] Connection timeout/drop. Retrying (attempt 3/8) in 5s...
      [API] Looping curl subprocess to Minimax (Attempt 4/8)...
      [!] Curl returned code 28 in 60.03s: curl: (28) Operation timed out after 60003 milliseconds with 0 bytes received

      [!] Connection timeout/drop. Retrying (attempt 2/8) in 5s...
      [API] Looping curl subprocess to Minimax (Attempt 3/8)...
      [!] Curl returned code 28 in 60.01s: curl: (28) Operation timed out after 60002 milliseconds with 0 bytes received

      [!] Connection timeout/drop. Retrying (attempt 5/8) in 5s...
      [API] Looping curl subprocess to Minimax (Attempt 6/8)...
      [!] Curl returned code 28 in 60.03s: curl: (28) Operation timed out after 60003 milliseconds with 0 bytes received

      [!] Connection timeout/drop. Retrying (attempt 5/8) in 5s...
      [API] Looping curl subprocess to Minimax (Attempt 6/8)...
      [!] Curl returned code 28 in 60.02s: curl: (28) Operation timed out after 60002 milliseconds with 0 bytes received

      [!] Connection timeout/drop. Retrying (attempt 5/8) in 5s...
      [API] Looping curl subprocess to Minimax (Attempt 6/8)...
      [!] Curl returned code 28 in 60.01s: curl: (28) Operation timed out after 60001 milliseconds with 0 bytes received

      [!] Connection timeout/drop. Retrying (attempt 4/8) in 5s...
      [API] Looping curl subprocess to Minimax (Attempt 5/8)...
      [!] Curl returned code 28 in 60.03s: curl: (28) Operation timed out after 60006 milliseconds with 0 bytes received

      [!] Connection timeout/drop. Retrying (attempt 3/8) in 5s...
      [API] Looping curl subprocess to Minimax (Attempt 4/8)...
      [!] Curl returned code 28 in 60.02s: curl: (28) Connection timed out after 60006 milliseconds

      [!] Connection timeout/drop. Retrying (attempt 6/8) in 5s...
      [API] Looping curl subprocess to Minimax (Attempt 7/8)...
      [!] Curl returned code 28 in 60.02s: curl: (28) Connection timed out after 60006 milliseconds

      [!] Connection timeout/drop. Retrying (attempt 6/8) in 5s...
      [API] Looping curl subprocess to Minimax (Attempt 7/8)...
      [!] Curl returned code 28 in 60.01s: curl: (28) Operation timed out after 60001 milliseconds with 0 bytes received

      [!] Connection timeout/drop. Retrying (attempt 6/8) in 5s...
      [API] Looping curl subprocess to Minimax (Attempt 7/8)...
      [!] Curl returned code 28 in 60.03s: curl: (28) Operation timed out after 60004 milliseconds with 0 bytes received

      [!] Connection timeout/drop. Retrying (attempt 5/8) in 5s...
      [API] Looping curl subprocess to Minimax (Attempt 6/8)...
      [!] Curl returned code 28 in 60.02s: curl: (28) Operation timed out after 60003 milliseconds with 0 bytes received

      [!] Connection timeout/drop. Retrying (attempt 4/8) in 5s...
      [API] Looping curl subprocess to Minimax (Attempt 5/8)...
      [!] Curl returned code 28 in 60.02s: curl: (28) Operation timed out after 60005 milliseconds with 0 bytes received

      [!] Connection timeout/drop. Retrying (attempt 7/8) in 5s...
      [API] Looping curl subprocess to Minimax (Attempt 8/8)...
      [!] Curl returned code 28 in 60.03s: curl: (28) Operation timed out after 60000 milliseconds with 0 bytes received

      [!] Connection timeout/drop. Retrying (attempt 7/8) in 5s...
      [API] Looping curl subprocess to Minimax (Attempt 8/8)...
      [!] Curl returned code 28 in 60.02s: curl: (28) Operation timed out after 60002 milliseconds with 0 bytes received

      [!] Connection timeout/drop. Retrying (attempt 7/8) in 5s...
      [API] Looping curl subprocess to Minimax (Attempt 8/8)...
      [!] Curl returned code 28 in 60.02s: curl: (28) Operation timed out after 60006 milliseconds with 0 bytes received

      [!] Connection timeout/drop. Retrying (attempt 6/8) in 5s...
      [API] Looping curl subprocess to Minimax (Attempt 7/8)...
      [!] Curl returned code 28 in 60.03s: curl: (28) Operation timed out after 60001 milliseconds with 0 bytes received

      [!] Connection timeout/drop. Retrying (attempt 5/8) in 5s...
      [API] Looping curl subprocess to Minimax (Attempt 6/8)...
      [!] Curl returned code 28 in 60.02s: curl: (28) Operation timed out after 60003 milliseconds with 0 bytes received

  [!] Minimax subprocess Error: Curl failed: curl: (28) Operation timed out after 60003 milliseconds with 0 bytes received

  [!] Error processing ielts-r-0137.json: Curl failed: curl: (28) Operation timed out after 60003 milliseconds with 0 bytes received

  [>] Started ielts-r-0146.json
  [-] Skipping ielts-r-0146.json, already processed.
  [>] Started ielts-r-0147.json
  [ielts-r-0147] Extracted 2 pages.
    [Stage 1] Cleaning passage text...
      [API] Looping curl subprocess to Minimax (Attempt 1/8)...
      [!] Curl returned code 28 in 60.03s: curl: (28) Operation timed out after 60002 milliseconds with 0 bytes received

  [!] Minimax subprocess Error: Curl failed: curl: (28) Operation timed out after 60002 milliseconds with 0 bytes received

  [!] Error processing ielts-r-0093.json: Curl failed: curl: (28) Operation timed out after 60002 milliseconds with 0 bytes received

  [>] Started ielts-r-0148.json
  [-] Skipping ielts-r-0148.json, already processed.
  [>] Started ielts-r-0149.json
  [ielts-r-0149] Extracted 2 pages.
    [Stage 1] Cleaning passage text...
      [API] Looping curl subprocess to Minimax (Attempt 1/8)...
      [API] Minimax responded via curl in 55.72s.
  [+] Success ielts-r-0080.json
  [>] Started ielts-r-0150.json
  [-] Skipping ielts-r-0150.json, already processed.
  [>] Started ielts-r-0151.json
  [-] Skipping ielts-r-0151.json, already processed.
  [>] Started ielts-r-0152.json
  [-] Skipping ielts-r-0152.json, already processed.
  [>] Started ielts-r-0153.json
  [ielts-r-0153] Extracted 2 pages.
    [Stage 1] Cleaning passage text...
      [API] Looping curl subprocess to Minimax (Attempt 1/8)...
      [!] Curl returned code 28 in 60.03s: curl: (28) Operation timed out after 60004 milliseconds with 0 bytes received

      [!] Connection timeout/drop. Retrying (attempt 7/8) in 5s...
      [API] Looping curl subprocess to Minimax (Attempt 8/8)...
      [API] Minimax responded via curl in 40.91s.
    [Stage 2] Structuring questions and pairing answers...
      [API] Looping curl subprocess to Minimax (Attempt 1/8)...
      [!] Curl returned code 28 in 60.02s: curl: (28) Operation timed out after 60006 milliseconds with 0 bytes received

      [!] Connection timeout/drop. Retrying (attempt 6/8) in 5s...
      [API] Minimax responded via curl in 45.81s.
    [Stage 2] Structuring questions and pairing answers...
      [API] Looping curl subprocess to Minimax (Attempt 1/8)...
      [API] Looping curl subprocess to Minimax (Attempt 7/8)...
      [API] Minimax responded via curl in 44.78s.
    [Stage 2] Structuring questions and pairing answers...
      [API] Looping curl subprocess to Minimax (Attempt 1/8)...
      [API] Minimax responded via curl in 42.69s.
  [+] Success ielts-r-0147.json
  [>] Started ielts-r-0154.json
  [-] Skipping ielts-r-0154.json, already processed.
  [>] Started ielts-r-0155.json
  [-] Skipping ielts-r-0155.json, already processed.
  [>] Started ielts-r-0156.json
  [ielts-r-0156] Extracted 2 pages.
    [Stage 1] Cleaning passage text...
      [API] Looping curl subprocess to Minimax (Attempt 1/8)...
      [!] Curl returned code 28 in 60.02s: curl: (28) Operation timed out after 60004 milliseconds with 0 bytes received

  [!] Minimax subprocess Error: Curl failed: curl: (28) Operation timed out after 60004 milliseconds with 0 bytes received

  [!] Error processing ielts-r-0141.json: Curl failed: curl: (28) Operation timed out after 60004 milliseconds with 0 bytes received

  [>] Started ielts-r-0157.json
  [-] Skipping ielts-r-0157.json, already processed.
  [>] Started ielts-r-0158.json
  [-] Skipping ielts-r-0158.json, already processed.
  [>] Started ielts-r-0159.json
  [-] Skipping ielts-r-0159.json, already processed.
  [>] Started ielts-r-0160.json
  [-] Skipping ielts-r-0160.json, already processed.
  [>] Started ielts-r-0161.json
  [-] Skipping ielts-r-0161.json, already processed.
  [>] Started ielts-r-0162.json
  [-] Skipping ielts-r-0162.json, already processed.
  [>] Started ielts-r-0163.json
  [-] Skipping ielts-r-0163.json, already processed.
  [>] Started ielts-r-0164.json
  [-] Skipping ielts-r-0164.json, already processed.
  [>] Started ielts-r-0165.json
  [ielts-r-0165] Extracted 2 pages.
    [Stage 1] Cleaning passage text...
      [API] Looping curl subprocess to Minimax (Attempt 1/8)...
      [!] Curl returned code 28 in 60.03s: curl: (28) Operation timed out after 60002 milliseconds with 0 bytes received

      [!] Connection timeout/drop. Retrying (attempt 1/8) in 5s...
      [!] Curl returned code 28 in 60.03s: curl: (28) Operation timed out after 60006 milliseconds with 0 bytes received

      [!] Connection timeout/drop. Retrying (attempt 7/8) in 5s...
      [!] Curl returned code 28 in 60.02s: curl: (28) Operation timed out after 60004 milliseconds with 0 bytes received

      [!] Connection timeout/drop. Retrying (attempt 1/8) in 5s...
      [API] Looping curl subprocess to Minimax (Attempt 2/8)...
      [API] Looping curl subprocess to Minimax (Attempt 8/8)...
      [API] Looping curl subprocess to Minimax (Attempt 2/8)...
      [API] Minimax responded via curl in 44.36s.
    [Stage 2] Structuring questions and pairing answers...
      [API] Looping curl subprocess to Minimax (Attempt 1/8)...
      [API] Minimax responded via curl in 43.49s.
    [Stage 2] Structuring questions and pairing answers...
      [API] Looping curl subprocess to Minimax (Attempt 1/8)...
      [!] Curl returned code 28 in 60.03s: curl: (28) Operation timed out after 60001 milliseconds with 0 bytes received

      [!] Connection timeout/drop. Retrying (attempt 2/8) in 5s...
      [!] Curl returned code 28 in 60.02s: curl: (28) Operation timed out after 60001 milliseconds with 0 bytes received

  [!] Minimax subprocess Error: Curl failed: curl: (28) Operation timed out after 60001 milliseconds with 0 bytes received

  [!] Error processing ielts-r-0145.json: Curl failed: curl: (28) Operation timed out after 60001 milliseconds with 0 bytes received

  [>] Started ielts-r-0166.json
  [-] Skipping ielts-r-0166.json, already processed.
  [>] Started ielts-r-0167.json
  [-] Skipping ielts-r-0167.json, already processed.
  [>] Started ielts-r-0168.json
  [ielts-r-0168] Extracted 2 pages.
    [Stage 1] Cleaning passage text...
      [API] Looping curl subprocess to Minimax (Attempt 1/8)...
      [!] Curl returned code 28 in 60.02s: curl: (28) Operation timed out after 60005 milliseconds with 0 bytes received

      [!] Connection timeout/drop. Retrying (attempt 2/8) in 5s...
      [API] Looping curl subprocess to Minimax (Attempt 3/8)...
      [API] Looping curl subprocess to Minimax (Attempt 3/8)...
      [!] Curl returned code 28 in 60.02s: curl: (28) Operation timed out after 60004 milliseconds with 0 bytes received

      [!] Connection timeout/drop. Retrying (attempt 1/8) in 5s...
      [API] Looping curl subprocess to Minimax (Attempt 2/8)...
      [!] Curl returned code 28 in 60.02s: curl: (28) Operation timed out after 60005 milliseconds with 0 bytes received

      [!] Connection timeout/drop. Retrying (attempt 1/8) in 5s...
      [API] Looping curl subprocess to Minimax (Attempt 2/8)...
      [API] Minimax responded via curl in 32.62s.
    [Stage 2] Structuring questions and pairing answers...
      [API] Looping curl subprocess to Minimax (Attempt 1/8)...
      [!] Curl returned code 28 in 60.03s: curl: (28) Operation timed out after 60002 milliseconds with 0 bytes received

      [!] Connection timeout/drop. Retrying (attempt 3/8) in 5s...
      [!] Curl returned code 28 in 60.02s: curl: (28) Operation timed out after 60005 milliseconds with 0 bytes received

      [!] Connection timeout/drop. Retrying (attempt 3/8) in 5s...
      [API] Looping curl subprocess to Minimax (Attempt 4/8)...
      [API] Looping curl subprocess to Minimax (Attempt 4/8)...
      [!] Curl returned code 28 in 60.02s: curl: (28) Operation timed out after 60004 milliseconds with 0 bytes received

      [!] Connection timeout/drop. Retrying (attempt 2/8) in 5s...
      [API] Looping curl subprocess to Minimax (Attempt 3/8)...
      [!] Curl returned code 28 in 60.02s: curl: (28) Operation timed out after 60004 milliseconds with 0 bytes received

      [!] Connection timeout/drop. Retrying (attempt 2/8) in 5s...
      [API] Looping curl subprocess to Minimax (Attempt 3/8)...
      [!] Curl returned code 28 in 60.02s: curl: (28) Operation timed out after 60001 milliseconds with 0 bytes received

      [!] Connection timeout/drop. Retrying (attempt 1/8) in 5s...
      [API] Looping curl subprocess to Minimax (Attempt 2/8)...
      [!] Curl returned code 28 in 60.02s: curl: (28) Operation timed out after 60005 milliseconds with 0 bytes received

      [!] Connection timeout/drop. Retrying (attempt 4/8) in 5s...
      [!] Curl returned code 28 in 60.03s: curl: (28) Operation timed out after 60002 milliseconds with 0 bytes received

      [!] Connection timeout/drop. Retrying (attempt 4/8) in 5s...
      [API] Looping curl subprocess to Minimax (Attempt 5/8)...
      [API] Looping curl subprocess to Minimax (Attempt 5/8)...
      [!] Curl returned code 28 in 60.02s: curl: (28) Operation timed out after 60000 milliseconds with 0 bytes received

      [!] Connection timeout/drop. Retrying (attempt 3/8) in 5s...
      [API] Looping curl subprocess to Minimax (Attempt 4/8)...
      [!] Curl returned code 28 in 60.02s: curl: (28) Operation timed out after 60003 milliseconds with 0 bytes received

      [!] Connection timeout/drop. Retrying (attempt 3/8) in 5s...
      [API] Looping curl subprocess to Minimax (Attempt 4/8)...
      [!] Curl returned code 28 in 60.02s: curl: (28) Operation timed out after 60005 milliseconds with 0 bytes received

      [!] Connection timeout/drop. Retrying (attempt 2/8) in 5s...
      [API] Looping curl subprocess to Minimax (Attempt 3/8)...
      [!] Curl returned code 28 in 60.01s: curl: (28) Operation timed out after 60003 milliseconds with 0 bytes received

      [!] Connection timeout/drop. Retrying (attempt 5/8) in 5s...
      [!] Curl returned code 28 in 60.01s: curl: (28) Operation timed out after 60002 milliseconds with 0 bytes received

      [!] Connection timeout/drop. Retrying (attempt 5/8) in 5s...
      [API] Looping curl subprocess to Minimax (Attempt 6/8)...
      [API] Looping curl subprocess to Minimax (Attempt 6/8)...
      [!] Curl returned code 28 in 60.01s: curl: (28) Operation timed out after 60003 milliseconds with 0 bytes received

      [!] Connection timeout/drop. Retrying (attempt 4/8) in 5s...
      [API] Looping curl subprocess to Minimax (Attempt 5/8)...
      [!] Curl returned code 28 in 60.01s: curl: (28) Operation timed out after 60003 milliseconds with 0 bytes received

      [!] Connection timeout/drop. Retrying (attempt 4/8) in 5s...
      [API] Looping curl subprocess to Minimax (Attempt 5/8)...
      [!] Curl returned code 28 in 60.01s: curl: (28) Operation timed out after 60002 milliseconds with 0 bytes received

      [!] Connection timeout/drop. Retrying (attempt 3/8) in 5s...
      [API] Looping curl subprocess to Minimax (Attempt 4/8)...
